      date     time            total        used        free      shared  buff/cache   available
2025-01-22 14:33:54            32064        2552        3873          19       26129       29512
2025-01-22 14:38:54            32064        4543        7869          19       20141       27520
2025-01-22 14:43:54            32064        4899        4521          19       23133       27164
2025-01-22 14:48:54            32064        5148        2196          19       25229       26915
2025-01-22 14:53:54            32064        5039        1869          19       25761       27024
2025-01-22 14:58:54            32064        5122        1793          19       25757       26941
2025-01-22 15:03:54            32064        5272        2074          20       25399       26791
2025-01-22 15:08:54            32064        5165        9455          20       18130       26899
2025-01-22 15:13:54            32064        5172        6992          20       20585       26891
2025-01-22 15:18:54            32064        5180        4570          20       23000       26883
2025-01-22 15:23:54            32064        5596        1673          20       25541       26467
2025-01-22 15:28:54            32064        5147        2280          20       25356       26917
2025-01-22 15:33:54            32064        5153        2252          20       25377       26910
2025-01-22 15:38:54            32064        7186         549          20       25048       24877
2025-01-22 15:43:54            32064        7101        4720          20       20961       24962
2025-01-22 15:48:54            32064        7072         808          20       24902       24991
2025-01-22 15:53:54            32064        7061         710          20       25011       25002
2025-01-22 15:58:54            32064        7100        1213          20       24470       24964
2025-01-22 16:03:54            32064        7113         906          20       24764       24951
2025-01-22 16:08:54            32064        7616         897          21       24272       24448
2025-01-22 16:13:54            32064        7534        3901          21       21349       24529
2025-01-22 16:18:54            32064        7540        1446          21       23798       24523
2025-01-22 16:23:54            32064        7566         736          21       24482       24497
2025-01-22 16:28:54            32064        7569         469          21       24746       24494
2025-01-22 16:33:54            32064        7565         484          21       24735       24498
2025-01-22 16:38:54            32064        7545         516          21       24723       24518
2025-01-22 16:43:54            32064        7533        3840          21       21411       24530
2025-01-22 16:48:54            32064        7526        1442          21       23816       24537
