/CSIEM_DATA/csiem-data/data-warehouse/data-images/csmc/csmcwq/mafrl_CB_Ammonium_Int_DATA.png
/CSIEM_DATA/csiem-data/data-warehouse/data-images/csmc/csmcwq/mafrl_CB_Chlorophyll-a_Int_DATA.png
/CSIEM_DATA/csiem-data/data-warehouse/data-images/csmc/csmcwq/mafrl_CB_Chlorophyll-b_Int_DATA.png
/CSIEM_DATA/csiem-data/data-warehouse/data-images/csmc/csmcwq/mafrl_CB_Chlorophyll-c_Int_DATA.png
/CSIEM_DATA/csiem-data/data-warehouse/data-images/csmc/csmcwq/mafrl_CB_Density_Bottom_DATA.png
/CSIEM_DATA/csiem-data/data-warehouse/data-images/csmc/csmcwq/mafrl_CB_Density_Surface_DATA.png
/CSIEM_DATA/csiem-data/data-warehouse/data-images/csmc/csmcwq/mafrl_CB_Dissolved_Oxygen_Bottom_DATA.png
/CSIEM_DATA/csiem-data/data-warehouse/data-images/csmc/csmcwq/mafrl_CB_Dissolved_Oxygen_Surface_DATA.png
/CSIEM_DATA/csiem-data/data-warehouse/data-images/csmc/csmcwq/mafrl_CB_Filterable_Reactive_Phosphate_Int_DATA.png
/CSIEM_DATA/csiem-data/data-warehouse/data-images/csmc/csmcwq/mafrl_CB_Fluorescence_Bottom_DATA.png
/CSIEM_DATA/csiem-data/data-warehouse/data-images/csmc/csmcwq/mafrl_CB_Fluorescence_Int_DATA.png
/CSIEM_DATA/csiem-data/data-warehouse/data-images/csmc/csmcwq/mafrl_CB_Fluorescence_Surface_DATA.png
/CSIEM_DATA/csiem-data/data-warehouse/data-images/csmc/csmcwq/mafrl_CB_Light_Attenuation_Coefficient_Int_DATA.png
/CSIEM_DATA/csiem-data/data-warehouse/data-images/csmc/csmcwq/mafrl_CB_Nitrate_Int_DATA.png
/CSIEM_DATA/csiem-data/data-warehouse/data-images/csmc/csmcwq/mafrl_CB_O2_Saturation_Bottom_DATA.png
/CSIEM_DATA/csiem-data/data-warehouse/data-images/csmc/csmcwq/mafrl_CB_O2_Saturation_Surface_DATA.png
/CSIEM_DATA/csiem-data/data-warehouse/data-images/csmc/csmcwq/mafrl_CB_Salinity_Bottom_DATA.png
/CSIEM_DATA/csiem-data/data-warehouse/data-images/csmc/csmcwq/mafrl_CB_Salinity_Surface_DATA.png
/CSIEM_DATA/csiem-data/data-warehouse/data-images/csmc/csmcwq/mafrl_CB_Secchi_Depth_Int_DATA.png
/CSIEM_DATA/csiem-data/data-warehouse/data-images/csmc/csmcwq/mafrl_CB_Specific_Conductivity_Bottom_DATA.png
/CSIEM_DATA/csiem-data/data-warehouse/data-images/csmc/csmcwq/mafrl_CB_Specific_Conductivity_Surface_DATA.png
/CSIEM_DATA/csiem-data/data-warehouse/data-images/csmc/csmcwq/mafrl_CB_Temperature_Bottom_DATA.png
/CSIEM_DATA/csiem-data/data-warehouse/data-images/csmc/csmcwq/mafrl_CB_Temperature_Surface_DATA.png
/CSIEM_DATA/csiem-data/data-warehouse/data-images/csmc/csmcwq/mafrl_CB_Total_Nitrogen_Int_DATA.png
/CSIEM_DATA/csiem-data/data-warehouse/data-images/csmc/csmcwq/mafrl_CB_Total_Phosphorus_Int_DATA.png
/CSIEM_DATA/csiem-data/data-warehouse/data-images/csmc/csmcwq/mafrl_CB_Total_Suspended_Solids_Int_DATA.png
/CSIEM_DATA/csiem-data/data-warehouse/data-images/csmc/csmcwq/mafrl_CB_Turbidity_Bottom_DATA.png
/CSIEM_DATA/csiem-data/data-warehouse/data-images/csmc/csmcwq/mafrl_CB_Turbidity_Surface_DATA.png
/CSIEM_DATA/csiem-data/data-warehouse/data-images/csmc/csmcwq/mafrl_CB_pH_Bottom_DATA.png
/CSIEM_DATA/csiem-data/data-warehouse/data-images/csmc/csmcwq/mafrl_CB_pH_Surface_DATA.png
/CSIEM_DATA/csiem-data/data-warehouse/data-images/csmc/csmcwq/mafrl_CS10N_Ammonium_Int_DATA.png
/CSIEM_DATA/csiem-data/data-warehouse/data-images/csmc/csmcwq/mafrl_CS10N_Chlorophyll-a_Int_DATA.png
/CSIEM_DATA/csiem-data/data-warehouse/data-images/csmc/csmcwq/mafrl_CS10N_Chlorophyll-b_Int_DATA.png
/CSIEM_DATA/csiem-data/data-warehouse/data-images/csmc/csmcwq/mafrl_CS10N_Chlorophyll-c_Int_DATA.png
/CSIEM_DATA/csiem-data/data-warehouse/data-images/csmc/csmcwq/mafrl_CS10N_Density_Bottom_DATA.png
/CSIEM_DATA/csiem-data/data-warehouse/data-images/csmc/csmcwq/mafrl_CS10N_Density_Surface_DATA.png
/CSIEM_DATA/csiem-data/data-warehouse/data-images/csmc/csmcwq/mafrl_CS10N_Dissolved_Oxygen_Bottom_DATA.png
/CSIEM_DATA/csiem-data/data-warehouse/data-images/csmc/csmcwq/mafrl_CS10N_Dissolved_Oxygen_Surface_DATA.png
/CSIEM_DATA/csiem-data/data-warehouse/data-images/csmc/csmcwq/mafrl_CS10N_Filterable_Reactive_Phosphate_Int_DATA.png
/CSIEM_DATA/csiem-data/data-warehouse/data-images/csmc/csmcwq/mafrl_CS10N_Fluorescence_Bottom_DATA.png
/CSIEM_DATA/csiem-data/data-warehouse/data-images/csmc/csmcwq/mafrl_CS10N_Fluorescence_Int_DATA.png
/CSIEM_DATA/csiem-data/data-warehouse/data-images/csmc/csmcwq/mafrl_CS10N_Fluorescence_Surface_DATA.png
/CSIEM_DATA/csiem-data/data-warehouse/data-images/csmc/csmcwq/mafrl_CS10N_Light_Attenuation_Coefficient_Int_DATA.png
/CSIEM_DATA/csiem-data/data-warehouse/data-images/csmc/csmcwq/mafrl_CS10N_Nitrate_Int_DATA.png
/CSIEM_DATA/csiem-data/data-warehouse/data-images/csmc/csmcwq/mafrl_CS10N_O2_Saturation_Bottom_DATA.png
/CSIEM_DATA/csiem-data/data-warehouse/data-images/csmc/csmcwq/mafrl_CS10N_O2_Saturation_Surface_DATA.png
/CSIEM_DATA/csiem-data/data-warehouse/data-images/csmc/csmcwq/mafrl_CS10N_Salinity_Bottom_DATA.png
/CSIEM_DATA/csiem-data/data-warehouse/data-images/csmc/csmcwq/mafrl_CS10N_Salinity_Surface_DATA.png
/CSIEM_DATA/csiem-data/data-warehouse/data-images/csmc/csmcwq/mafrl_CS10N_Secchi_Depth_Int_DATA.png
/CSIEM_DATA/csiem-data/data-warehouse/data-images/csmc/csmcwq/mafrl_CS10N_Specific_Conductivity_Bottom_DATA.png
/CSIEM_DATA/csiem-data/data-warehouse/data-images/csmc/csmcwq/mafrl_CS10N_Specific_Conductivity_Surface_DATA.png
/CSIEM_DATA/csiem-data/data-warehouse/data-images/csmc/csmcwq/mafrl_CS10N_Temperature_Bottom_DATA.png
/CSIEM_DATA/csiem-data/data-warehouse/data-images/csmc/csmcwq/mafrl_CS10N_Temperature_Surface_DATA.png
/CSIEM_DATA/csiem-data/data-warehouse/data-images/csmc/csmcwq/mafrl_CS10N_Total_Nitrogen_Int_DATA.png
/CSIEM_DATA/csiem-data/data-warehouse/data-images/csmc/csmcwq/mafrl_CS10N_Total_Phosphorus_Int_DATA.png
/CSIEM_DATA/csiem-data/data-warehouse/data-images/csmc/csmcwq/mafrl_CS10N_Total_Suspended_Solids_Int_DATA.png
/CSIEM_DATA/csiem-data/data-warehouse/data-images/csmc/csmcwq/mafrl_CS10N_Turbidity_Bottom_DATA.png
/CSIEM_DATA/csiem-data/data-warehouse/data-images/csmc/csmcwq/mafrl_CS10N_Turbidity_Surface_DATA.png
/CSIEM_DATA/csiem-data/data-warehouse/data-images/csmc/csmcwq/mafrl_CS10N_pH_Bottom_DATA.png
/CSIEM_DATA/csiem-data/data-warehouse/data-images/csmc/csmcwq/mafrl_CS10N_pH_Surface_DATA.png
/CSIEM_DATA/csiem-data/data-warehouse/data-images/csmc/csmcwq/mafrl_CS10S_Ammonium_Int_DATA.png
/CSIEM_DATA/csiem-data/data-warehouse/data-images/csmc/csmcwq/mafrl_CS10S_Chlorophyll-a_Int_DATA.png
/CSIEM_DATA/csiem-data/data-warehouse/data-images/csmc/csmcwq/mafrl_CS10S_Dissolved_Oxygen_Bottom_DATA.png
/CSIEM_DATA/csiem-data/data-warehouse/data-images/csmc/csmcwq/mafrl_CS10S_Dissolved_Oxygen_Surface_DATA.png
/CSIEM_DATA/csiem-data/data-warehouse/data-images/csmc/csmcwq/mafrl_CS10S_Filterable_Reactive_Phosphate_Int_DATA.png
/CSIEM_DATA/csiem-data/data-warehouse/data-images/csmc/csmcwq/mafrl_CS10S_Light_Attenuation_Coefficient_Int_DATA.png
/CSIEM_DATA/csiem-data/data-warehouse/data-images/csmc/csmcwq/mafrl_CS10S_Nitrate_Int_DATA.png
/CSIEM_DATA/csiem-data/data-warehouse/data-images/csmc/csmcwq/mafrl_CS10S_Salinity_Bottom_DATA.png
/CSIEM_DATA/csiem-data/data-warehouse/data-images/csmc/csmcwq/mafrl_CS10S_Salinity_Surface_DATA.png
/CSIEM_DATA/csiem-data/data-warehouse/data-images/csmc/csmcwq/mafrl_CS10S_Temperature_Bottom_DATA.png
/CSIEM_DATA/csiem-data/data-warehouse/data-images/csmc/csmcwq/mafrl_CS10S_Temperature_Surface_DATA.png
/CSIEM_DATA/csiem-data/data-warehouse/data-images/csmc/csmcwq/mafrl_CS10S_Total_Nitrogen_Int_DATA.png
/CSIEM_DATA/csiem-data/data-warehouse/data-images/csmc/csmcwq/mafrl_CS10S_Total_Phosphorus_Int_DATA.png
/CSIEM_DATA/csiem-data/data-warehouse/data-images/csmc/csmcwq/mafrl_CS10_Ammonium_Int_DATA.png
/CSIEM_DATA/csiem-data/data-warehouse/data-images/csmc/csmcwq/mafrl_CS10_Chlorophyll-a_Int_DATA.png
/CSIEM_DATA/csiem-data/data-warehouse/data-images/csmc/csmcwq/mafrl_CS10_Chlorophyll-b_Int_DATA.png
/CSIEM_DATA/csiem-data/data-warehouse/data-images/csmc/csmcwq/mafrl_CS10_Chlorophyll-c_Int_DATA.png
/CSIEM_DATA/csiem-data/data-warehouse/data-images/csmc/csmcwq/mafrl_CS10_Density_Bottom_DATA.png
/CSIEM_DATA/csiem-data/data-warehouse/data-images/csmc/csmcwq/mafrl_CS10_Density_Surface_DATA.png
/CSIEM_DATA/csiem-data/data-warehouse/data-images/csmc/csmcwq/mafrl_CS10_Dissolved_Oxygen_Bottom_DATA.png
/CSIEM_DATA/csiem-data/data-warehouse/data-images/csmc/csmcwq/mafrl_CS10_Dissolved_Oxygen_Surface_DATA.png
/CSIEM_DATA/csiem-data/data-warehouse/data-images/csmc/csmcwq/mafrl_CS10_Filterable_Reactive_Phosphate_Int_DATA.png
/CSIEM_DATA/csiem-data/data-warehouse/data-images/csmc/csmcwq/mafrl_CS10_Fluorescence_Bottom_DATA.png
/CSIEM_DATA/csiem-data/data-warehouse/data-images/csmc/csmcwq/mafrl_CS10_Fluorescence_Int_DATA.png
/CSIEM_DATA/csiem-data/data-warehouse/data-images/csmc/csmcwq/mafrl_CS10_Fluorescence_Surface_DATA.png
/CSIEM_DATA/csiem-data/data-warehouse/data-images/csmc/csmcwq/mafrl_CS10_Light_Attenuation_Coefficient_Int_DATA.png
/CSIEM_DATA/csiem-data/data-warehouse/data-images/csmc/csmcwq/mafrl_CS10_Nitrate_Int_DATA.png
/CSIEM_DATA/csiem-data/data-warehouse/data-images/csmc/csmcwq/mafrl_CS10_O2_Saturation_Bottom_DATA.png
/CSIEM_DATA/csiem-data/data-warehouse/data-images/csmc/csmcwq/mafrl_CS10_O2_Saturation_Surface_DATA.png
/CSIEM_DATA/csiem-data/data-warehouse/data-images/csmc/csmcwq/mafrl_CS10_Organic_Nitrogen_Int_DATA.png
/CSIEM_DATA/csiem-data/data-warehouse/data-images/csmc/csmcwq/mafrl_CS10_Organic_Phosphorus_Int_DATA.png
/CSIEM_DATA/csiem-data/data-warehouse/data-images/csmc/csmcwq/mafrl_CS10_Particulate_Organic_Carbon_Int_DATA.png
/CSIEM_DATA/csiem-data/data-warehouse/data-images/csmc/csmcwq/mafrl_CS10_Salinity_Bottom_DATA.png
/CSIEM_DATA/csiem-data/data-warehouse/data-images/csmc/csmcwq/mafrl_CS10_Salinity_Surface_DATA.png
/CSIEM_DATA/csiem-data/data-warehouse/data-images/csmc/csmcwq/mafrl_CS10_Secchi_Depth_Int_DATA.png
/CSIEM_DATA/csiem-data/data-warehouse/data-images/csmc/csmcwq/mafrl_CS10_Specific_Conductivity_Bottom_DATA.png
/CSIEM_DATA/csiem-data/data-warehouse/data-images/csmc/csmcwq/mafrl_CS10_Specific_Conductivity_Surface_DATA.png
/CSIEM_DATA/csiem-data/data-warehouse/data-images/csmc/csmcwq/mafrl_CS10_Temperature_Bottom_DATA.png
/CSIEM_DATA/csiem-data/data-warehouse/data-images/csmc/csmcwq/mafrl_CS10_Temperature_Surface_DATA.png
/CSIEM_DATA/csiem-data/data-warehouse/data-images/csmc/csmcwq/mafrl_CS10_Total_Nitrogen_Int_DATA.png
/CSIEM_DATA/csiem-data/data-warehouse/data-images/csmc/csmcwq/mafrl_CS10_Total_Phosphorus_Int_DATA.png
/CSIEM_DATA/csiem-data/data-warehouse/data-images/csmc/csmcwq/mafrl_CS10_Total_Suspended_Solids_Int_DATA.png
/CSIEM_DATA/csiem-data/data-warehouse/data-images/csmc/csmcwq/mafrl_CS10_Turbidity_Bottom_DATA.png
/CSIEM_DATA/csiem-data/data-warehouse/data-images/csmc/csmcwq/mafrl_CS10_Turbidity_Surface_DATA.png
/CSIEM_DATA/csiem-data/data-warehouse/data-images/csmc/csmcwq/mafrl_CS10_pH_Bottom_DATA.png
/CSIEM_DATA/csiem-data/data-warehouse/data-images/csmc/csmcwq/mafrl_CS10_pH_Surface_DATA.png
/CSIEM_DATA/csiem-data/data-warehouse/data-images/csmc/csmcwq/mafrl_CS11S_Ammonium_Int_DATA.png
/CSIEM_DATA/csiem-data/data-warehouse/data-images/csmc/csmcwq/mafrl_CS11S_Chlorophyll-a_Int_DATA.png
/CSIEM_DATA/csiem-data/data-warehouse/data-images/csmc/csmcwq/mafrl_CS11S_Dissolved_Oxygen_Bottom_DATA.png
/CSIEM_DATA/csiem-data/data-warehouse/data-images/csmc/csmcwq/mafrl_CS11S_Dissolved_Oxygen_Surface_DATA.png
/CSIEM_DATA/csiem-data/data-warehouse/data-images/csmc/csmcwq/mafrl_CS11S_Filterable_Reactive_Phosphate_Int_DATA.png
/CSIEM_DATA/csiem-data/data-warehouse/data-images/csmc/csmcwq/mafrl_CS11S_Light_Attenuation_Coefficient_Int_DATA.png
/CSIEM_DATA/csiem-data/data-warehouse/data-images/csmc/csmcwq/mafrl_CS11S_Nitrate_Int_DATA.png
/CSIEM_DATA/csiem-data/data-warehouse/data-images/csmc/csmcwq/mafrl_CS11S_Salinity_Bottom_DATA.png
/CSIEM_DATA/csiem-data/data-warehouse/data-images/csmc/csmcwq/mafrl_CS11S_Salinity_Surface_DATA.png
/CSIEM_DATA/csiem-data/data-warehouse/data-images/csmc/csmcwq/mafrl_CS11S_Temperature_Bottom_DATA.png
/CSIEM_DATA/csiem-data/data-warehouse/data-images/csmc/csmcwq/mafrl_CS11S_Temperature_Surface_DATA.png
/CSIEM_DATA/csiem-data/data-warehouse/data-images/csmc/csmcwq/mafrl_CS11S_Total_Nitrogen_Int_DATA.png
/CSIEM_DATA/csiem-data/data-warehouse/data-images/csmc/csmcwq/mafrl_CS11S_Total_Phosphorus_Int_DATA.png
/CSIEM_DATA/csiem-data/data-warehouse/data-images/csmc/csmcwq/mafrl_CS11_Ammonium_Int_DATA.png
/CSIEM_DATA/csiem-data/data-warehouse/data-images/csmc/csmcwq/mafrl_CS11_Chlorophyll-a_Int_DATA.png
/CSIEM_DATA/csiem-data/data-warehouse/data-images/csmc/csmcwq/mafrl_CS11_Chlorophyll-b_Int_DATA.png
/CSIEM_DATA/csiem-data/data-warehouse/data-images/csmc/csmcwq/mafrl_CS11_Chlorophyll-c_Int_DATA.png
/CSIEM_DATA/csiem-data/data-warehouse/data-images/csmc/csmcwq/mafrl_CS11_Density_Bottom_DATA.png
/CSIEM_DATA/csiem-data/data-warehouse/data-images/csmc/csmcwq/mafrl_CS11_Density_Surface_DATA.png
/CSIEM_DATA/csiem-data/data-warehouse/data-images/csmc/csmcwq/mafrl_CS11_Dissolved_Oxygen_Bottom_DATA.png
/CSIEM_DATA/csiem-data/data-warehouse/data-images/csmc/csmcwq/mafrl_CS11_Dissolved_Oxygen_Surface_DATA.png
/CSIEM_DATA/csiem-data/data-warehouse/data-images/csmc/csmcwq/mafrl_CS11_Filterable_Reactive_Phosphate_Int_DATA.png
/CSIEM_DATA/csiem-data/data-warehouse/data-images/csmc/csmcwq/mafrl_CS11_Fluorescence_Bottom_DATA.png
/CSIEM_DATA/csiem-data/data-warehouse/data-images/csmc/csmcwq/mafrl_CS11_Fluorescence_Int_DATA.png
/CSIEM_DATA/csiem-data/data-warehouse/data-images/csmc/csmcwq/mafrl_CS11_Fluorescence_Surface_DATA.png
/CSIEM_DATA/csiem-data/data-warehouse/data-images/csmc/csmcwq/mafrl_CS11_Light_Attenuation_Coefficient_Int_DATA.png
/CSIEM_DATA/csiem-data/data-warehouse/data-images/csmc/csmcwq/mafrl_CS11_Nitrate_Int_DATA.png
/CSIEM_DATA/csiem-data/data-warehouse/data-images/csmc/csmcwq/mafrl_CS11_O2_Saturation_Bottom_DATA.png
/CSIEM_DATA/csiem-data/data-warehouse/data-images/csmc/csmcwq/mafrl_CS11_O2_Saturation_Surface_DATA.png
/CSIEM_DATA/csiem-data/data-warehouse/data-images/csmc/csmcwq/mafrl_CS11_Organic_Nitrogen_Int_DATA.png
/CSIEM_DATA/csiem-data/data-warehouse/data-images/csmc/csmcwq/mafrl_CS11_Organic_Phosphorus_Int_DATA.png
/CSIEM_DATA/csiem-data/data-warehouse/data-images/csmc/csmcwq/mafrl_CS11_Particulate_Organic_Carbon_Int_DATA.png
/CSIEM_DATA/csiem-data/data-warehouse/data-images/csmc/csmcwq/mafrl_CS11_Salinity_Bottom_DATA.png
/CSIEM_DATA/csiem-data/data-warehouse/data-images/csmc/csmcwq/mafrl_CS11_Salinity_Surface_DATA.png
/CSIEM_DATA/csiem-data/data-warehouse/data-images/csmc/csmcwq/mafrl_CS11_Secchi_Depth_Int_DATA.png
/CSIEM_DATA/csiem-data/data-warehouse/data-images/csmc/csmcwq/mafrl_CS11_Specific_Conductivity_Bottom_DATA.png
/CSIEM_DATA/csiem-data/data-warehouse/data-images/csmc/csmcwq/mafrl_CS11_Specific_Conductivity_Surface_DATA.png
/CSIEM_DATA/csiem-data/data-warehouse/data-images/csmc/csmcwq/mafrl_CS11_Temperature_Bottom_DATA.png
/CSIEM_DATA/csiem-data/data-warehouse/data-images/csmc/csmcwq/mafrl_CS11_Temperature_Surface_DATA.png
/CSIEM_DATA/csiem-data/data-warehouse/data-images/csmc/csmcwq/mafrl_CS11_Total_Nitrogen_Int_DATA.png
/CSIEM_DATA/csiem-data/data-warehouse/data-images/csmc/csmcwq/mafrl_CS11_Total_Phosphorus_Int_DATA.png
/CSIEM_DATA/csiem-data/data-warehouse/data-images/csmc/csmcwq/mafrl_CS11_Total_Suspended_Solids_Int_DATA.png
/CSIEM_DATA/csiem-data/data-warehouse/data-images/csmc/csmcwq/mafrl_CS11_Turbidity_Bottom_DATA.png
/CSIEM_DATA/csiem-data/data-warehouse/data-images/csmc/csmcwq/mafrl_CS11_Turbidity_Surface_DATA.png
/CSIEM_DATA/csiem-data/data-warehouse/data-images/csmc/csmcwq/mafrl_CS11_pH_Bottom_DATA.png
/CSIEM_DATA/csiem-data/data-warehouse/data-images/csmc/csmcwq/mafrl_CS11_pH_Surface_DATA.png
/CSIEM_DATA/csiem-data/data-warehouse/data-images/csmc/csmcwq/mafrl_CS12_Ammonium_Int_DATA.png
/CSIEM_DATA/csiem-data/data-warehouse/data-images/csmc/csmcwq/mafrl_CS12_Chlorophyll-a_Int_DATA.png
/CSIEM_DATA/csiem-data/data-warehouse/data-images/csmc/csmcwq/mafrl_CS12_Chlorophyll-b_Int_DATA.png
/CSIEM_DATA/csiem-data/data-warehouse/data-images/csmc/csmcwq/mafrl_CS12_Chlorophyll-c_Int_DATA.png
/CSIEM_DATA/csiem-data/data-warehouse/data-images/csmc/csmcwq/mafrl_CS12_Density_Bottom_DATA.png
/CSIEM_DATA/csiem-data/data-warehouse/data-images/csmc/csmcwq/mafrl_CS12_Density_Surface_DATA.png
/CSIEM_DATA/csiem-data/data-warehouse/data-images/csmc/csmcwq/mafrl_CS12_Dissolved_Oxygen_Bottom_DATA.png
/CSIEM_DATA/csiem-data/data-warehouse/data-images/csmc/csmcwq/mafrl_CS12_Dissolved_Oxygen_Surface_DATA.png
/CSIEM_DATA/csiem-data/data-warehouse/data-images/csmc/csmcwq/mafrl_CS12_Filterable_Reactive_Phosphate_Int_DATA.png
/CSIEM_DATA/csiem-data/data-warehouse/data-images/csmc/csmcwq/mafrl_CS12_Fluorescence_Bottom_DATA.png
/CSIEM_DATA/csiem-data/data-warehouse/data-images/csmc/csmcwq/mafrl_CS12_Fluorescence_Int_DATA.png
/CSIEM_DATA/csiem-data/data-warehouse/data-images/csmc/csmcwq/mafrl_CS12_Fluorescence_Surface_DATA.png
/CSIEM_DATA/csiem-data/data-warehouse/data-images/csmc/csmcwq/mafrl_CS12_Light_Attenuation_Coefficient_Int_DATA.png
/CSIEM_DATA/csiem-data/data-warehouse/data-images/csmc/csmcwq/mafrl_CS12_Nitrate_Int_DATA.png
/CSIEM_DATA/csiem-data/data-warehouse/data-images/csmc/csmcwq/mafrl_CS12_O2_Saturation_Bottom_DATA.png
/CSIEM_DATA/csiem-data/data-warehouse/data-images/csmc/csmcwq/mafrl_CS12_O2_Saturation_Surface_DATA.png
/CSIEM_DATA/csiem-data/data-warehouse/data-images/csmc/csmcwq/mafrl_CS12_Particulate_Organic_Carbon_Int_DATA.png
/CSIEM_DATA/csiem-data/data-warehouse/data-images/csmc/csmcwq/mafrl_CS12_Salinity_Bottom_DATA.png
/CSIEM_DATA/csiem-data/data-warehouse/data-images/csmc/csmcwq/mafrl_CS12_Salinity_Surface_DATA.png
/CSIEM_DATA/csiem-data/data-warehouse/data-images/csmc/csmcwq/mafrl_CS12_Secchi_Depth_Int_DATA.png
/CSIEM_DATA/csiem-data/data-warehouse/data-images/csmc/csmcwq/mafrl_CS12_Specific_Conductivity_Bottom_DATA.png
/CSIEM_DATA/csiem-data/data-warehouse/data-images/csmc/csmcwq/mafrl_CS12_Specific_Conductivity_Surface_DATA.png
/CSIEM_DATA/csiem-data/data-warehouse/data-images/csmc/csmcwq/mafrl_CS12_Temperature_Bottom_DATA.png
/CSIEM_DATA/csiem-data/data-warehouse/data-images/csmc/csmcwq/mafrl_CS12_Temperature_Surface_DATA.png
/CSIEM_DATA/csiem-data/data-warehouse/data-images/csmc/csmcwq/mafrl_CS12_Total_Nitrogen_Int_DATA.png
/CSIEM_DATA/csiem-data/data-warehouse/data-images/csmc/csmcwq/mafrl_CS12_Total_Phosphorus_Int_DATA.png
/CSIEM_DATA/csiem-data/data-warehouse/data-images/csmc/csmcwq/mafrl_CS12_Total_Suspended_Solids_Int_DATA.png
/CSIEM_DATA/csiem-data/data-warehouse/data-images/csmc/csmcwq/mafrl_CS12_Turbidity_Bottom_DATA.png
/CSIEM_DATA/csiem-data/data-warehouse/data-images/csmc/csmcwq/mafrl_CS12_Turbidity_Surface_DATA.png
/CSIEM_DATA/csiem-data/data-warehouse/data-images/csmc/csmcwq/mafrl_CS12_pH_Bottom_DATA.png
/CSIEM_DATA/csiem-data/data-warehouse/data-images/csmc/csmcwq/mafrl_CS12_pH_Surface_DATA.png
/CSIEM_DATA/csiem-data/data-warehouse/data-images/csmc/csmcwq/mafrl_CS13_Ammonium_Int_DATA.png
/CSIEM_DATA/csiem-data/data-warehouse/data-images/csmc/csmcwq/mafrl_CS13_Chlorophyll-a_Int_DATA.png
/CSIEM_DATA/csiem-data/data-warehouse/data-images/csmc/csmcwq/mafrl_CS13_Chlorophyll-b_Int_DATA.png
/CSIEM_DATA/csiem-data/data-warehouse/data-images/csmc/csmcwq/mafrl_CS13_Chlorophyll-c_Int_DATA.png
/CSIEM_DATA/csiem-data/data-warehouse/data-images/csmc/csmcwq/mafrl_CS13_Density_Bottom_DATA.png
/CSIEM_DATA/csiem-data/data-warehouse/data-images/csmc/csmcwq/mafrl_CS13_Density_Surface_DATA.png
/CSIEM_DATA/csiem-data/data-warehouse/data-images/csmc/csmcwq/mafrl_CS13_Dissolved_Oxygen_Bottom_DATA.png
/CSIEM_DATA/csiem-data/data-warehouse/data-images/csmc/csmcwq/mafrl_CS13_Dissolved_Oxygen_Surface_DATA.png
/CSIEM_DATA/csiem-data/data-warehouse/data-images/csmc/csmcwq/mafrl_CS13_Filterable_Reactive_Phosphate_Int_DATA.png
/CSIEM_DATA/csiem-data/data-warehouse/data-images/csmc/csmcwq/mafrl_CS13_Fluorescence_Bottom_DATA.png
/CSIEM_DATA/csiem-data/data-warehouse/data-images/csmc/csmcwq/mafrl_CS13_Fluorescence_Int_DATA.png
/CSIEM_DATA/csiem-data/data-warehouse/data-images/csmc/csmcwq/mafrl_CS13_Fluorescence_Surface_DATA.png
/CSIEM_DATA/csiem-data/data-warehouse/data-images/csmc/csmcwq/mafrl_CS13_Light_Attenuation_Coefficient_Int_DATA.png
/CSIEM_DATA/csiem-data/data-warehouse/data-images/csmc/csmcwq/mafrl_CS13_Nitrate_Int_DATA.png
/CSIEM_DATA/csiem-data/data-warehouse/data-images/csmc/csmcwq/mafrl_CS13_O2_Saturation_Bottom_DATA.png
/CSIEM_DATA/csiem-data/data-warehouse/data-images/csmc/csmcwq/mafrl_CS13_O2_Saturation_Surface_DATA.png
/CSIEM_DATA/csiem-data/data-warehouse/data-images/csmc/csmcwq/mafrl_CS13_Particulate_Organic_Carbon_Int_DATA.png
/CSIEM_DATA/csiem-data/data-warehouse/data-images/csmc/csmcwq/mafrl_CS13_Salinity_Bottom_DATA.png
/CSIEM_DATA/csiem-data/data-warehouse/data-images/csmc/csmcwq/mafrl_CS13_Salinity_Surface_DATA.png
/CSIEM_DATA/csiem-data/data-warehouse/data-images/csmc/csmcwq/mafrl_CS13_Secchi_Depth_Int_DATA.png
/CSIEM_DATA/csiem-data/data-warehouse/data-images/csmc/csmcwq/mafrl_CS13_Specific_Conductivity_Bottom_DATA.png
/CSIEM_DATA/csiem-data/data-warehouse/data-images/csmc/csmcwq/mafrl_CS13_Specific_Conductivity_Surface_DATA.png
/CSIEM_DATA/csiem-data/data-warehouse/data-images/csmc/csmcwq/mafrl_CS13_Temperature_Bottom_DATA.png
/CSIEM_DATA/csiem-data/data-warehouse/data-images/csmc/csmcwq/mafrl_CS13_Temperature_Surface_DATA.png
/CSIEM_DATA/csiem-data/data-warehouse/data-images/csmc/csmcwq/mafrl_CS13_Total_Nitrogen_Int_DATA.png
/CSIEM_DATA/csiem-data/data-warehouse/data-images/csmc/csmcwq/mafrl_CS13_Total_Phosphorus_Int_DATA.png
/CSIEM_DATA/csiem-data/data-warehouse/data-images/csmc/csmcwq/mafrl_CS13_Total_Suspended_Solids_Int_DATA.png
/CSIEM_DATA/csiem-data/data-warehouse/data-images/csmc/csmcwq/mafrl_CS13_Turbidity_Bottom_DATA.png
/CSIEM_DATA/csiem-data/data-warehouse/data-images/csmc/csmcwq/mafrl_CS13_Turbidity_Surface_DATA.png
/CSIEM_DATA/csiem-data/data-warehouse/data-images/csmc/csmcwq/mafrl_CS13_pH_Bottom_DATA.png
/CSIEM_DATA/csiem-data/data-warehouse/data-images/csmc/csmcwq/mafrl_CS13_pH_Surface_DATA.png
/CSIEM_DATA/csiem-data/data-warehouse/data-images/csmc/csmcwq/mafrl_CS4_Ammonium_Int_DATA.png
/CSIEM_DATA/csiem-data/data-warehouse/data-images/csmc/csmcwq/mafrl_CS4_Chlorophyll-a_Int_DATA.png
/CSIEM_DATA/csiem-data/data-warehouse/data-images/csmc/csmcwq/mafrl_CS4_Chlorophyll-b_Int_DATA.png
/CSIEM_DATA/csiem-data/data-warehouse/data-images/csmc/csmcwq/mafrl_CS4_Chlorophyll-c_Int_DATA.png
/CSIEM_DATA/csiem-data/data-warehouse/data-images/csmc/csmcwq/mafrl_CS4_Density_Bottom_DATA.png
/CSIEM_DATA/csiem-data/data-warehouse/data-images/csmc/csmcwq/mafrl_CS4_Density_Surface_DATA.png
/CSIEM_DATA/csiem-data/data-warehouse/data-images/csmc/csmcwq/mafrl_CS4_Dissolved_Oxygen_Bottom_DATA.png
/CSIEM_DATA/csiem-data/data-warehouse/data-images/csmc/csmcwq/mafrl_CS4_Dissolved_Oxygen_Surface_DATA.png
/CSIEM_DATA/csiem-data/data-warehouse/data-images/csmc/csmcwq/mafrl_CS4_Filterable_Reactive_Phosphate_Int_DATA.png
/CSIEM_DATA/csiem-data/data-warehouse/data-images/csmc/csmcwq/mafrl_CS4_Fluorescence_Bottom_DATA.png
/CSIEM_DATA/csiem-data/data-warehouse/data-images/csmc/csmcwq/mafrl_CS4_Fluorescence_Int_DATA.png
/CSIEM_DATA/csiem-data/data-warehouse/data-images/csmc/csmcwq/mafrl_CS4_Fluorescence_Surface_DATA.png
/CSIEM_DATA/csiem-data/data-warehouse/data-images/csmc/csmcwq/mafrl_CS4_Light_Attenuation_Coefficient_Int_DATA.png
/CSIEM_DATA/csiem-data/data-warehouse/data-images/csmc/csmcwq/mafrl_CS4_Nitrate_Int_DATA.png
/CSIEM_DATA/csiem-data/data-warehouse/data-images/csmc/csmcwq/mafrl_CS4_O2_Saturation_Bottom_DATA.png
/CSIEM_DATA/csiem-data/data-warehouse/data-images/csmc/csmcwq/mafrl_CS4_O2_Saturation_Surface_DATA.png
/CSIEM_DATA/csiem-data/data-warehouse/data-images/csmc/csmcwq/mafrl_CS4_Organic_Nitrogen_Int_DATA.png
/CSIEM_DATA/csiem-data/data-warehouse/data-images/csmc/csmcwq/mafrl_CS4_Organic_Phosphorus_Int_DATA.png
/CSIEM_DATA/csiem-data/data-warehouse/data-images/csmc/csmcwq/mafrl_CS4_Particulate_Organic_Carbon_Int_DATA.png
/CSIEM_DATA/csiem-data/data-warehouse/data-images/csmc/csmcwq/mafrl_CS4_Salinity_Bottom_DATA.png
/CSIEM_DATA/csiem-data/data-warehouse/data-images/csmc/csmcwq/mafrl_CS4_Salinity_Surface_DATA.png
/CSIEM_DATA/csiem-data/data-warehouse/data-images/csmc/csmcwq/mafrl_CS4_Secchi_Depth_Int_DATA.png
/CSIEM_DATA/csiem-data/data-warehouse/data-images/csmc/csmcwq/mafrl_CS4_Specific_Conductivity_Bottom_DATA.png
/CSIEM_DATA/csiem-data/data-warehouse/data-images/csmc/csmcwq/mafrl_CS4_Specific_Conductivity_Surface_DATA.png
/CSIEM_DATA/csiem-data/data-warehouse/data-images/csmc/csmcwq/mafrl_CS4_Temperature_Bottom_DATA.png
/CSIEM_DATA/csiem-data/data-warehouse/data-images/csmc/csmcwq/mafrl_CS4_Temperature_Surface_DATA.png
/CSIEM_DATA/csiem-data/data-warehouse/data-images/csmc/csmcwq/mafrl_CS4_Total_Nitrogen_Int_DATA.png
/CSIEM_DATA/csiem-data/data-warehouse/data-images/csmc/csmcwq/mafrl_CS4_Total_Phosphorus_Int_DATA.png
/CSIEM_DATA/csiem-data/data-warehouse/data-images/csmc/csmcwq/mafrl_CS4_Total_Suspended_Solids_Int_DATA.png
/CSIEM_DATA/csiem-data/data-warehouse/data-images/csmc/csmcwq/mafrl_CS4_Turbidity_Bottom_DATA.png
/CSIEM_DATA/csiem-data/data-warehouse/data-images/csmc/csmcwq/mafrl_CS4_Turbidity_Surface_DATA.png
/CSIEM_DATA/csiem-data/data-warehouse/data-images/csmc/csmcwq/mafrl_CS4_pH_Bottom_DATA.png
/CSIEM_DATA/csiem-data/data-warehouse/data-images/csmc/csmcwq/mafrl_CS4_pH_Surface_DATA.png
/CSIEM_DATA/csiem-data/data-warehouse/data-images/csmc/csmcwq/mafrl_CS5S_Ammonium_Int_DATA.png
/CSIEM_DATA/csiem-data/data-warehouse/data-images/csmc/csmcwq/mafrl_CS5S_Chlorophyll-a_Int_DATA.png
/CSIEM_DATA/csiem-data/data-warehouse/data-images/csmc/csmcwq/mafrl_CS5S_Dissolved_Oxygen_Bottom_DATA.png
/CSIEM_DATA/csiem-data/data-warehouse/data-images/csmc/csmcwq/mafrl_CS5S_Dissolved_Oxygen_Surface_DATA.png
/CSIEM_DATA/csiem-data/data-warehouse/data-images/csmc/csmcwq/mafrl_CS5S_Filterable_Reactive_Phosphate_Int_DATA.png
/CSIEM_DATA/csiem-data/data-warehouse/data-images/csmc/csmcwq/mafrl_CS5S_Light_Attenuation_Coefficient_Int_DATA.png
/CSIEM_DATA/csiem-data/data-warehouse/data-images/csmc/csmcwq/mafrl_CS5S_Nitrate_Int_DATA.png
/CSIEM_DATA/csiem-data/data-warehouse/data-images/csmc/csmcwq/mafrl_CS5S_Salinity_Bottom_DATA.png
/CSIEM_DATA/csiem-data/data-warehouse/data-images/csmc/csmcwq/mafrl_CS5S_Salinity_Surface_DATA.png
/CSIEM_DATA/csiem-data/data-warehouse/data-images/csmc/csmcwq/mafrl_CS5S_Temperature_Bottom_DATA.png
/CSIEM_DATA/csiem-data/data-warehouse/data-images/csmc/csmcwq/mafrl_CS5S_Temperature_Surface_DATA.png
/CSIEM_DATA/csiem-data/data-warehouse/data-images/csmc/csmcwq/mafrl_CS5S_Total_Nitrogen_Int_DATA.png
/CSIEM_DATA/csiem-data/data-warehouse/data-images/csmc/csmcwq/mafrl_CS5S_Total_Phosphorus_Int_DATA.png
/CSIEM_DATA/csiem-data/data-warehouse/data-images/csmc/csmcwq/mafrl_CS5_Ammonium_Int_DATA.png
/CSIEM_DATA/csiem-data/data-warehouse/data-images/csmc/csmcwq/mafrl_CS5_Chlorophyll-a_Int_DATA.png
/CSIEM_DATA/csiem-data/data-warehouse/data-images/csmc/csmcwq/mafrl_CS5_Chlorophyll-b_Int_DATA.png
/CSIEM_DATA/csiem-data/data-warehouse/data-images/csmc/csmcwq/mafrl_CS5_Chlorophyll-c_Int_DATA.png
/CSIEM_DATA/csiem-data/data-warehouse/data-images/csmc/csmcwq/mafrl_CS5_Density_Bottom_DATA.png
/CSIEM_DATA/csiem-data/data-warehouse/data-images/csmc/csmcwq/mafrl_CS5_Density_Surface_DATA.png
/CSIEM_DATA/csiem-data/data-warehouse/data-images/csmc/csmcwq/mafrl_CS5_Dissolved_Oxygen_Bottom_DATA.png
/CSIEM_DATA/csiem-data/data-warehouse/data-images/csmc/csmcwq/mafrl_CS5_Dissolved_Oxygen_Surface_DATA.png
/CSIEM_DATA/csiem-data/data-warehouse/data-images/csmc/csmcwq/mafrl_CS5_Filterable_Reactive_Phosphate_Int_DATA.png
/CSIEM_DATA/csiem-data/data-warehouse/data-images/csmc/csmcwq/mafrl_CS5_Fluorescence_Bottom_DATA.png
/CSIEM_DATA/csiem-data/data-warehouse/data-images/csmc/csmcwq/mafrl_CS5_Fluorescence_Int_DATA.png
/CSIEM_DATA/csiem-data/data-warehouse/data-images/csmc/csmcwq/mafrl_CS5_Fluorescence_Surface_DATA.png
/CSIEM_DATA/csiem-data/data-warehouse/data-images/csmc/csmcwq/mafrl_CS5_Light_Attenuation_Coefficient_Int_DATA.png
/CSIEM_DATA/csiem-data/data-warehouse/data-images/csmc/csmcwq/mafrl_CS5_Nitrate_Int_DATA.png
/CSIEM_DATA/csiem-data/data-warehouse/data-images/csmc/csmcwq/mafrl_CS5_O2_Saturation_Bottom_DATA.png
/CSIEM_DATA/csiem-data/data-warehouse/data-images/csmc/csmcwq/mafrl_CS5_O2_Saturation_Surface_DATA.png
/CSIEM_DATA/csiem-data/data-warehouse/data-images/csmc/csmcwq/mafrl_CS5_Organic_Nitrogen_Int_DATA.png
/CSIEM_DATA/csiem-data/data-warehouse/data-images/csmc/csmcwq/mafrl_CS5_Organic_Phosphorus_Int_DATA.png
/CSIEM_DATA/csiem-data/data-warehouse/data-images/csmc/csmcwq/mafrl_CS5_Particulate_Organic_Carbon_Int_DATA.png
/CSIEM_DATA/csiem-data/data-warehouse/data-images/csmc/csmcwq/mafrl_CS5_Salinity_Bottom_DATA.png
/CSIEM_DATA/csiem-data/data-warehouse/data-images/csmc/csmcwq/mafrl_CS5_Salinity_Surface_DATA.png
/CSIEM_DATA/csiem-data/data-warehouse/data-images/csmc/csmcwq/mafrl_CS5_Secchi_Depth_Int_DATA.png
/CSIEM_DATA/csiem-data/data-warehouse/data-images/csmc/csmcwq/mafrl_CS5_Specific_Conductivity_Bottom_DATA.png
/CSIEM_DATA/csiem-data/data-warehouse/data-images/csmc/csmcwq/mafrl_CS5_Specific_Conductivity_Surface_DATA.png
/CSIEM_DATA/csiem-data/data-warehouse/data-images/csmc/csmcwq/mafrl_CS5_Temperature_Bottom_DATA.png
/CSIEM_DATA/csiem-data/data-warehouse/data-images/csmc/csmcwq/mafrl_CS5_Temperature_Surface_DATA.png
/CSIEM_DATA/csiem-data/data-warehouse/data-images/csmc/csmcwq/mafrl_CS5_Total_Nitrogen_Int_DATA.png
/CSIEM_DATA/csiem-data/data-warehouse/data-images/csmc/csmcwq/mafrl_CS5_Total_Phosphorus_Int_DATA.png
/CSIEM_DATA/csiem-data/data-warehouse/data-images/csmc/csmcwq/mafrl_CS5_Total_Suspended_Solids_Int_DATA.png
/CSIEM_DATA/csiem-data/data-warehouse/data-images/csmc/csmcwq/mafrl_CS5_Turbidity_Bottom_DATA.png
/CSIEM_DATA/csiem-data/data-warehouse/data-images/csmc/csmcwq/mafrl_CS5_Turbidity_Surface_DATA.png
/CSIEM_DATA/csiem-data/data-warehouse/data-images/csmc/csmcwq/mafrl_CS5_pH_Bottom_DATA.png
/CSIEM_DATA/csiem-data/data-warehouse/data-images/csmc/csmcwq/mafrl_CS5_pH_Surface_DATA.png
/CSIEM_DATA/csiem-data/data-warehouse/data-images/csmc/csmcwq/mafrl_CS6A_Ammonium_Int_DATA.png
/CSIEM_DATA/csiem-data/data-warehouse/data-images/csmc/csmcwq/mafrl_CS6A_Chlorophyll-a_Int_DATA.png
/CSIEM_DATA/csiem-data/data-warehouse/data-images/csmc/csmcwq/mafrl_CS6A_Chlorophyll-b_Int_DATA.png
/CSIEM_DATA/csiem-data/data-warehouse/data-images/csmc/csmcwq/mafrl_CS6A_Chlorophyll-c_Int_DATA.png
/CSIEM_DATA/csiem-data/data-warehouse/data-images/csmc/csmcwq/mafrl_CS6A_Density_Bottom_DATA.png
/CSIEM_DATA/csiem-data/data-warehouse/data-images/csmc/csmcwq/mafrl_CS6A_Density_Surface_DATA.png
/CSIEM_DATA/csiem-data/data-warehouse/data-images/csmc/csmcwq/mafrl_CS6A_Dissolved_Oxygen_Bottom_DATA.png
/CSIEM_DATA/csiem-data/data-warehouse/data-images/csmc/csmcwq/mafrl_CS6A_Dissolved_Oxygen_Surface_DATA.png
/CSIEM_DATA/csiem-data/data-warehouse/data-images/csmc/csmcwq/mafrl_CS6A_Filterable_Reactive_Phosphate_Int_DATA.png
/CSIEM_DATA/csiem-data/data-warehouse/data-images/csmc/csmcwq/mafrl_CS6A_Fluorescence_Bottom_DATA.png
/CSIEM_DATA/csiem-data/data-warehouse/data-images/csmc/csmcwq/mafrl_CS6A_Fluorescence_Int_DATA.png
/CSIEM_DATA/csiem-data/data-warehouse/data-images/csmc/csmcwq/mafrl_CS6A_Fluorescence_Surface_DATA.png
/CSIEM_DATA/csiem-data/data-warehouse/data-images/csmc/csmcwq/mafrl_CS6A_Light_Attenuation_Coefficient_Int_DATA.png
/CSIEM_DATA/csiem-data/data-warehouse/data-images/csmc/csmcwq/mafrl_CS6A_Nitrate_Int_DATA.png
/CSIEM_DATA/csiem-data/data-warehouse/data-images/csmc/csmcwq/mafrl_CS6A_O2_Saturation_Bottom_DATA.png
/CSIEM_DATA/csiem-data/data-warehouse/data-images/csmc/csmcwq/mafrl_CS6A_O2_Saturation_Surface_DATA.png
/CSIEM_DATA/csiem-data/data-warehouse/data-images/csmc/csmcwq/mafrl_CS6A_Particulate_Organic_Carbon_Int_DATA.png
/CSIEM_DATA/csiem-data/data-warehouse/data-images/csmc/csmcwq/mafrl_CS6A_Salinity_Bottom_DATA.png
/CSIEM_DATA/csiem-data/data-warehouse/data-images/csmc/csmcwq/mafrl_CS6A_Salinity_Surface_DATA.png
/CSIEM_DATA/csiem-data/data-warehouse/data-images/csmc/csmcwq/mafrl_CS6A_Secchi_Depth_Int_DATA.png
/CSIEM_DATA/csiem-data/data-warehouse/data-images/csmc/csmcwq/mafrl_CS6A_Specific_Conductivity_Bottom_DATA.png
/CSIEM_DATA/csiem-data/data-warehouse/data-images/csmc/csmcwq/mafrl_CS6A_Specific_Conductivity_Surface_DATA.png
/CSIEM_DATA/csiem-data/data-warehouse/data-images/csmc/csmcwq/mafrl_CS6A_Temperature_Bottom_DATA.png
/CSIEM_DATA/csiem-data/data-warehouse/data-images/csmc/csmcwq/mafrl_CS6A_Temperature_Surface_DATA.png
/CSIEM_DATA/csiem-data/data-warehouse/data-images/csmc/csmcwq/mafrl_CS6A_Total_Nitrogen_Int_DATA.png
/CSIEM_DATA/csiem-data/data-warehouse/data-images/csmc/csmcwq/mafrl_CS6A_Total_Phosphorus_Int_DATA.png
/CSIEM_DATA/csiem-data/data-warehouse/data-images/csmc/csmcwq/mafrl_CS6A_Total_Suspended_Solids_Int_DATA.png
/CSIEM_DATA/csiem-data/data-warehouse/data-images/csmc/csmcwq/mafrl_CS6A_Turbidity_Bottom_DATA.png
/CSIEM_DATA/csiem-data/data-warehouse/data-images/csmc/csmcwq/mafrl_CS6A_Turbidity_Surface_DATA.png
/CSIEM_DATA/csiem-data/data-warehouse/data-images/csmc/csmcwq/mafrl_CS6A_pH_Bottom_DATA.png
/CSIEM_DATA/csiem-data/data-warehouse/data-images/csmc/csmcwq/mafrl_CS6A_pH_Surface_DATA.png
/CSIEM_DATA/csiem-data/data-warehouse/data-images/csmc/csmcwq/mafrl_CS6S_Ammonium_Int_DATA.png
/CSIEM_DATA/csiem-data/data-warehouse/data-images/csmc/csmcwq/mafrl_CS6S_Chlorophyll-a_Int_DATA.png
/CSIEM_DATA/csiem-data/data-warehouse/data-images/csmc/csmcwq/mafrl_CS6S_Dissolved_Oxygen_Bottom_DATA.png
/CSIEM_DATA/csiem-data/data-warehouse/data-images/csmc/csmcwq/mafrl_CS6S_Dissolved_Oxygen_Surface_DATA.png
/CSIEM_DATA/csiem-data/data-warehouse/data-images/csmc/csmcwq/mafrl_CS6S_Filterable_Reactive_Phosphate_Int_DATA.png
/CSIEM_DATA/csiem-data/data-warehouse/data-images/csmc/csmcwq/mafrl_CS6S_Light_Attenuation_Coefficient_Int_DATA.png
/CSIEM_DATA/csiem-data/data-warehouse/data-images/csmc/csmcwq/mafrl_CS6S_Nitrate_Int_DATA.png
/CSIEM_DATA/csiem-data/data-warehouse/data-images/csmc/csmcwq/mafrl_CS6S_Salinity_Bottom_DATA.png
/CSIEM_DATA/csiem-data/data-warehouse/data-images/csmc/csmcwq/mafrl_CS6S_Salinity_Surface_DATA.png
/CSIEM_DATA/csiem-data/data-warehouse/data-images/csmc/csmcwq/mafrl_CS6S_Temperature_Bottom_DATA.png
/CSIEM_DATA/csiem-data/data-warehouse/data-images/csmc/csmcwq/mafrl_CS6S_Temperature_Surface_DATA.png
/CSIEM_DATA/csiem-data/data-warehouse/data-images/csmc/csmcwq/mafrl_CS6S_Total_Nitrogen_Int_DATA.png
/CSIEM_DATA/csiem-data/data-warehouse/data-images/csmc/csmcwq/mafrl_CS6S_Total_Phosphorus_Int_DATA.png
/CSIEM_DATA/csiem-data/data-warehouse/data-images/csmc/csmcwq/mafrl_CS6_Ammonium_Int_DATA.png
/CSIEM_DATA/csiem-data/data-warehouse/data-images/csmc/csmcwq/mafrl_CS6_Chlorophyll-a_Int_DATA.png
/CSIEM_DATA/csiem-data/data-warehouse/data-images/csmc/csmcwq/mafrl_CS6_Dissolved_Oxygen_Bottom_DATA.png
/CSIEM_DATA/csiem-data/data-warehouse/data-images/csmc/csmcwq/mafrl_CS6_Dissolved_Oxygen_Surface_DATA.png
/CSIEM_DATA/csiem-data/data-warehouse/data-images/csmc/csmcwq/mafrl_CS6_Filterable_Reactive_Phosphate_Int_DATA.png
/CSIEM_DATA/csiem-data/data-warehouse/data-images/csmc/csmcwq/mafrl_CS6_Light_Attenuation_Coefficient_Int_DATA.png
/CSIEM_DATA/csiem-data/data-warehouse/data-images/csmc/csmcwq/mafrl_CS6_Nitrate_Int_DATA.png
/CSIEM_DATA/csiem-data/data-warehouse/data-images/csmc/csmcwq/mafrl_CS6_Organic_Nitrogen_Int_DATA.png
/CSIEM_DATA/csiem-data/data-warehouse/data-images/csmc/csmcwq/mafrl_CS6_Organic_Phosphorus_Int_DATA.png
/CSIEM_DATA/csiem-data/data-warehouse/data-images/csmc/csmcwq/mafrl_CS6_Salinity_Bottom_DATA.png
/CSIEM_DATA/csiem-data/data-warehouse/data-images/csmc/csmcwq/mafrl_CS6_Salinity_Surface_DATA.png
/CSIEM_DATA/csiem-data/data-warehouse/data-images/csmc/csmcwq/mafrl_CS6_Temperature_Bottom_DATA.png
/CSIEM_DATA/csiem-data/data-warehouse/data-images/csmc/csmcwq/mafrl_CS6_Temperature_Surface_DATA.png
/CSIEM_DATA/csiem-data/data-warehouse/data-images/csmc/csmcwq/mafrl_CS6_Total_Nitrogen_Int_DATA.png
/CSIEM_DATA/csiem-data/data-warehouse/data-images/csmc/csmcwq/mafrl_CS6_Total_Phosphorus_Int_DATA.png
/CSIEM_DATA/csiem-data/data-warehouse/data-images/csmc/csmcwq/mafrl_CS7S_Ammonium_Int_DATA.png
/CSIEM_DATA/csiem-data/data-warehouse/data-images/csmc/csmcwq/mafrl_CS7S_Chlorophyll-a_Int_DATA.png
/CSIEM_DATA/csiem-data/data-warehouse/data-images/csmc/csmcwq/mafrl_CS7S_Dissolved_Oxygen_Bottom_DATA.png
/CSIEM_DATA/csiem-data/data-warehouse/data-images/csmc/csmcwq/mafrl_CS7S_Dissolved_Oxygen_Surface_DATA.png
/CSIEM_DATA/csiem-data/data-warehouse/data-images/csmc/csmcwq/mafrl_CS7S_Filterable_Reactive_Phosphate_Int_DATA.png
/CSIEM_DATA/csiem-data/data-warehouse/data-images/csmc/csmcwq/mafrl_CS7S_Light_Attenuation_Coefficient_Int_DATA.png
/CSIEM_DATA/csiem-data/data-warehouse/data-images/csmc/csmcwq/mafrl_CS7S_Nitrate_Int_DATA.png
/CSIEM_DATA/csiem-data/data-warehouse/data-images/csmc/csmcwq/mafrl_CS7S_Salinity_Bottom_DATA.png
/CSIEM_DATA/csiem-data/data-warehouse/data-images/csmc/csmcwq/mafrl_CS7S_Salinity_Surface_DATA.png
/CSIEM_DATA/csiem-data/data-warehouse/data-images/csmc/csmcwq/mafrl_CS7S_Temperature_Bottom_DATA.png
/CSIEM_DATA/csiem-data/data-warehouse/data-images/csmc/csmcwq/mafrl_CS7S_Temperature_Surface_DATA.png
/CSIEM_DATA/csiem-data/data-warehouse/data-images/csmc/csmcwq/mafrl_CS7S_Total_Nitrogen_Int_DATA.png
/CSIEM_DATA/csiem-data/data-warehouse/data-images/csmc/csmcwq/mafrl_CS7S_Total_Phosphorus_Int_DATA.png
/CSIEM_DATA/csiem-data/data-warehouse/data-images/csmc/csmcwq/mafrl_CS7_Ammonium_Int_DATA.png
/CSIEM_DATA/csiem-data/data-warehouse/data-images/csmc/csmcwq/mafrl_CS7_Chlorophyll-a_Int_DATA.png
/CSIEM_DATA/csiem-data/data-warehouse/data-images/csmc/csmcwq/mafrl_CS7_Chlorophyll-b_Int_DATA.png
/CSIEM_DATA/csiem-data/data-warehouse/data-images/csmc/csmcwq/mafrl_CS7_Chlorophyll-c_Int_DATA.png
/CSIEM_DATA/csiem-data/data-warehouse/data-images/csmc/csmcwq/mafrl_CS7_Density_Bottom_DATA.png
/CSIEM_DATA/csiem-data/data-warehouse/data-images/csmc/csmcwq/mafrl_CS7_Density_Surface_DATA.png
/CSIEM_DATA/csiem-data/data-warehouse/data-images/csmc/csmcwq/mafrl_CS7_Dissolved_Oxygen_Bottom_DATA.png
/CSIEM_DATA/csiem-data/data-warehouse/data-images/csmc/csmcwq/mafrl_CS7_Dissolved_Oxygen_Surface_DATA.png
/CSIEM_DATA/csiem-data/data-warehouse/data-images/csmc/csmcwq/mafrl_CS7_Filterable_Reactive_Phosphate_Int_DATA.png
/CSIEM_DATA/csiem-data/data-warehouse/data-images/csmc/csmcwq/mafrl_CS7_Fluorescence_Bottom_DATA.png
/CSIEM_DATA/csiem-data/data-warehouse/data-images/csmc/csmcwq/mafrl_CS7_Fluorescence_Int_DATA.png
/CSIEM_DATA/csiem-data/data-warehouse/data-images/csmc/csmcwq/mafrl_CS7_Fluorescence_Surface_DATA.png
/CSIEM_DATA/csiem-data/data-warehouse/data-images/csmc/csmcwq/mafrl_CS7_Light_Attenuation_Coefficient_Int_DATA.png
/CSIEM_DATA/csiem-data/data-warehouse/data-images/csmc/csmcwq/mafrl_CS7_Nitrate_Int_DATA.png
/CSIEM_DATA/csiem-data/data-warehouse/data-images/csmc/csmcwq/mafrl_CS7_O2_Saturation_Bottom_DATA.png
/CSIEM_DATA/csiem-data/data-warehouse/data-images/csmc/csmcwq/mafrl_CS7_O2_Saturation_Surface_DATA.png
/CSIEM_DATA/csiem-data/data-warehouse/data-images/csmc/csmcwq/mafrl_CS7_Organic_Nitrogen_Int_DATA.png
/CSIEM_DATA/csiem-data/data-warehouse/data-images/csmc/csmcwq/mafrl_CS7_Organic_Phosphorus_Int_DATA.png
/CSIEM_DATA/csiem-data/data-warehouse/data-images/csmc/csmcwq/mafrl_CS7_Particulate_Organic_Carbon_Int_DATA.png
/CSIEM_DATA/csiem-data/data-warehouse/data-images/csmc/csmcwq/mafrl_CS7_Salinity_Bottom_DATA.png
/CSIEM_DATA/csiem-data/data-warehouse/data-images/csmc/csmcwq/mafrl_CS7_Salinity_Surface_DATA.png
/CSIEM_DATA/csiem-data/data-warehouse/data-images/csmc/csmcwq/mafrl_CS7_Secchi_Depth_Int_DATA.png
/CSIEM_DATA/csiem-data/data-warehouse/data-images/csmc/csmcwq/mafrl_CS7_Specific_Conductivity_Bottom_DATA.png
/CSIEM_DATA/csiem-data/data-warehouse/data-images/csmc/csmcwq/mafrl_CS7_Specific_Conductivity_Surface_DATA.png
/CSIEM_DATA/csiem-data/data-warehouse/data-images/csmc/csmcwq/mafrl_CS7_Temperature_Bottom_DATA.png
/CSIEM_DATA/csiem-data/data-warehouse/data-images/csmc/csmcwq/mafrl_CS7_Temperature_Surface_DATA.png
/CSIEM_DATA/csiem-data/data-warehouse/data-images/csmc/csmcwq/mafrl_CS7_Total_Nitrogen_Int_DATA.png
/CSIEM_DATA/csiem-data/data-warehouse/data-images/csmc/csmcwq/mafrl_CS7_Total_Phosphorus_Int_DATA.png
/CSIEM_DATA/csiem-data/data-warehouse/data-images/csmc/csmcwq/mafrl_CS7_Total_Suspended_Solids_Int_DATA.png
/CSIEM_DATA/csiem-data/data-warehouse/data-images/csmc/csmcwq/mafrl_CS7_Turbidity_Bottom_DATA.png
/CSIEM_DATA/csiem-data/data-warehouse/data-images/csmc/csmcwq/mafrl_CS7_Turbidity_Surface_DATA.png
/CSIEM_DATA/csiem-data/data-warehouse/data-images/csmc/csmcwq/mafrl_CS7_pH_Bottom_DATA.png
/CSIEM_DATA/csiem-data/data-warehouse/data-images/csmc/csmcwq/mafrl_CS7_pH_Surface_DATA.png
/CSIEM_DATA/csiem-data/data-warehouse/data-images/csmc/csmcwq/mafrl_CS8S_Ammonium_Int_DATA.png
/CSIEM_DATA/csiem-data/data-warehouse/data-images/csmc/csmcwq/mafrl_CS8S_Chlorophyll-a_Int_DATA.png
/CSIEM_DATA/csiem-data/data-warehouse/data-images/csmc/csmcwq/mafrl_CS8S_Dissolved_Oxygen_Bottom_DATA.png
/CSIEM_DATA/csiem-data/data-warehouse/data-images/csmc/csmcwq/mafrl_CS8S_Dissolved_Oxygen_Surface_DATA.png
/CSIEM_DATA/csiem-data/data-warehouse/data-images/csmc/csmcwq/mafrl_CS8S_Filterable_Reactive_Phosphate_Int_DATA.png
/CSIEM_DATA/csiem-data/data-warehouse/data-images/csmc/csmcwq/mafrl_CS8S_Light_Attenuation_Coefficient_Int_DATA.png
/CSIEM_DATA/csiem-data/data-warehouse/data-images/csmc/csmcwq/mafrl_CS8S_Nitrate_Int_DATA.png
/CSIEM_DATA/csiem-data/data-warehouse/data-images/csmc/csmcwq/mafrl_CS8S_Salinity_Bottom_DATA.png
/CSIEM_DATA/csiem-data/data-warehouse/data-images/csmc/csmcwq/mafrl_CS8S_Salinity_Surface_DATA.png
/CSIEM_DATA/csiem-data/data-warehouse/data-images/csmc/csmcwq/mafrl_CS8S_Temperature_Bottom_DATA.png
/CSIEM_DATA/csiem-data/data-warehouse/data-images/csmc/csmcwq/mafrl_CS8S_Temperature_Surface_DATA.png
/CSIEM_DATA/csiem-data/data-warehouse/data-images/csmc/csmcwq/mafrl_CS8S_Total_Nitrogen_Int_DATA.png
/CSIEM_DATA/csiem-data/data-warehouse/data-images/csmc/csmcwq/mafrl_CS8S_Total_Phosphorus_Int_DATA.png
/CSIEM_DATA/csiem-data/data-warehouse/data-images/csmc/csmcwq/mafrl_CS8_Ammonium_Int_DATA.png
/CSIEM_DATA/csiem-data/data-warehouse/data-images/csmc/csmcwq/mafrl_CS8_Chlorophyll-a_Int_DATA.png
/CSIEM_DATA/csiem-data/data-warehouse/data-images/csmc/csmcwq/mafrl_CS8_Chlorophyll-b_Int_DATA.png
/CSIEM_DATA/csiem-data/data-warehouse/data-images/csmc/csmcwq/mafrl_CS8_Chlorophyll-c_Int_DATA.png
/CSIEM_DATA/csiem-data/data-warehouse/data-images/csmc/csmcwq/mafrl_CS8_Density_Bottom_DATA.png
/CSIEM_DATA/csiem-data/data-warehouse/data-images/csmc/csmcwq/mafrl_CS8_Density_Surface_DATA.png
/CSIEM_DATA/csiem-data/data-warehouse/data-images/csmc/csmcwq/mafrl_CS8_Dissolved_Oxygen_Bottom_DATA.png
/CSIEM_DATA/csiem-data/data-warehouse/data-images/csmc/csmcwq/mafrl_CS8_Dissolved_Oxygen_Surface_DATA.png
/CSIEM_DATA/csiem-data/data-warehouse/data-images/csmc/csmcwq/mafrl_CS8_Filterable_Reactive_Phosphate_Int_DATA.png
/CSIEM_DATA/csiem-data/data-warehouse/data-images/csmc/csmcwq/mafrl_CS8_Fluorescence_Bottom_DATA.png
/CSIEM_DATA/csiem-data/data-warehouse/data-images/csmc/csmcwq/mafrl_CS8_Fluorescence_Int_DATA.png
/CSIEM_DATA/csiem-data/data-warehouse/data-images/csmc/csmcwq/mafrl_CS8_Fluorescence_Surface_DATA.png
/CSIEM_DATA/csiem-data/data-warehouse/data-images/csmc/csmcwq/mafrl_CS8_Light_Attenuation_Coefficient_Int_DATA.png
/CSIEM_DATA/csiem-data/data-warehouse/data-images/csmc/csmcwq/mafrl_CS8_Nitrate_Int_DATA.png
/CSIEM_DATA/csiem-data/data-warehouse/data-images/csmc/csmcwq/mafrl_CS8_O2_Saturation_Bottom_DATA.png
/CSIEM_DATA/csiem-data/data-warehouse/data-images/csmc/csmcwq/mafrl_CS8_O2_Saturation_Surface_DATA.png
/CSIEM_DATA/csiem-data/data-warehouse/data-images/csmc/csmcwq/mafrl_CS8_Organic_Nitrogen_Int_DATA.png
/CSIEM_DATA/csiem-data/data-warehouse/data-images/csmc/csmcwq/mafrl_CS8_Organic_Phosphorus_Int_DATA.png
/CSIEM_DATA/csiem-data/data-warehouse/data-images/csmc/csmcwq/mafrl_CS8_Particulate_Organic_Carbon_Int_DATA.png
/CSIEM_DATA/csiem-data/data-warehouse/data-images/csmc/csmcwq/mafrl_CS8_Salinity_Bottom_DATA.png
/CSIEM_DATA/csiem-data/data-warehouse/data-images/csmc/csmcwq/mafrl_CS8_Salinity_Surface_DATA.png
/CSIEM_DATA/csiem-data/data-warehouse/data-images/csmc/csmcwq/mafrl_CS8_Secchi_Depth_Int_DATA.png
/CSIEM_DATA/csiem-data/data-warehouse/data-images/csmc/csmcwq/mafrl_CS8_Specific_Conductivity_Bottom_DATA.png
/CSIEM_DATA/csiem-data/data-warehouse/data-images/csmc/csmcwq/mafrl_CS8_Specific_Conductivity_Surface_DATA.png
/CSIEM_DATA/csiem-data/data-warehouse/data-images/csmc/csmcwq/mafrl_CS8_Temperature_Bottom_DATA.png
/CSIEM_DATA/csiem-data/data-warehouse/data-images/csmc/csmcwq/mafrl_CS8_Temperature_Surface_DATA.png
/CSIEM_DATA/csiem-data/data-warehouse/data-images/csmc/csmcwq/mafrl_CS8_Total_Nitrogen_Int_DATA.png
/CSIEM_DATA/csiem-data/data-warehouse/data-images/csmc/csmcwq/mafrl_CS8_Total_Phosphorus_Int_DATA.png
/CSIEM_DATA/csiem-data/data-warehouse/data-images/csmc/csmcwq/mafrl_CS8_Total_Suspended_Solids_Int_DATA.png
/CSIEM_DATA/csiem-data/data-warehouse/data-images/csmc/csmcwq/mafrl_CS8_Turbidity_Bottom_DATA.png
/CSIEM_DATA/csiem-data/data-warehouse/data-images/csmc/csmcwq/mafrl_CS8_Turbidity_Surface_DATA.png
/CSIEM_DATA/csiem-data/data-warehouse/data-images/csmc/csmcwq/mafrl_CS8_pH_Bottom_DATA.png
/CSIEM_DATA/csiem-data/data-warehouse/data-images/csmc/csmcwq/mafrl_CS8_pH_Surface_DATA.png
/CSIEM_DATA/csiem-data/data-warehouse/data-images/csmc/csmcwq/mafrl_CS9A_Ammonium_Int_DATA.png
/CSIEM_DATA/csiem-data/data-warehouse/data-images/csmc/csmcwq/mafrl_CS9A_Chlorophyll-a_Int_DATA.png
/CSIEM_DATA/csiem-data/data-warehouse/data-images/csmc/csmcwq/mafrl_CS9A_Chlorophyll-b_Int_DATA.png
/CSIEM_DATA/csiem-data/data-warehouse/data-images/csmc/csmcwq/mafrl_CS9A_Chlorophyll-c_Int_DATA.png
/CSIEM_DATA/csiem-data/data-warehouse/data-images/csmc/csmcwq/mafrl_CS9A_Density_Bottom_DATA.png
/CSIEM_DATA/csiem-data/data-warehouse/data-images/csmc/csmcwq/mafrl_CS9A_Density_Surface_DATA.png
/CSIEM_DATA/csiem-data/data-warehouse/data-images/csmc/csmcwq/mafrl_CS9A_Dissolved_Oxygen_Bottom_DATA.png
/CSIEM_DATA/csiem-data/data-warehouse/data-images/csmc/csmcwq/mafrl_CS9A_Dissolved_Oxygen_Surface_DATA.png
/CSIEM_DATA/csiem-data/data-warehouse/data-images/csmc/csmcwq/mafrl_CS9A_Filterable_Reactive_Phosphate_Int_DATA.png
/CSIEM_DATA/csiem-data/data-warehouse/data-images/csmc/csmcwq/mafrl_CS9A_Fluorescence_Bottom_DATA.png
/CSIEM_DATA/csiem-data/data-warehouse/data-images/csmc/csmcwq/mafrl_CS9A_Fluorescence_Int_DATA.png
/CSIEM_DATA/csiem-data/data-warehouse/data-images/csmc/csmcwq/mafrl_CS9A_Fluorescence_Surface_DATA.png
/CSIEM_DATA/csiem-data/data-warehouse/data-images/csmc/csmcwq/mafrl_CS9A_Light_Attenuation_Coefficient_Int_DATA.png
/CSIEM_DATA/csiem-data/data-warehouse/data-images/csmc/csmcwq/mafrl_CS9A_Nitrate_Int_DATA.png
/CSIEM_DATA/csiem-data/data-warehouse/data-images/csmc/csmcwq/mafrl_CS9A_O2_Saturation_Bottom_DATA.png
/CSIEM_DATA/csiem-data/data-warehouse/data-images/csmc/csmcwq/mafrl_CS9A_O2_Saturation_Surface_DATA.png
/CSIEM_DATA/csiem-data/data-warehouse/data-images/csmc/csmcwq/mafrl_CS9A_Particulate_Organic_Carbon_Int_DATA.png
/CSIEM_DATA/csiem-data/data-warehouse/data-images/csmc/csmcwq/mafrl_CS9A_Salinity_Bottom_DATA.png
/CSIEM_DATA/csiem-data/data-warehouse/data-images/csmc/csmcwq/mafrl_CS9A_Salinity_Surface_DATA.png
/CSIEM_DATA/csiem-data/data-warehouse/data-images/csmc/csmcwq/mafrl_CS9A_Secchi_Depth_Int_DATA.png
/CSIEM_DATA/csiem-data/data-warehouse/data-images/csmc/csmcwq/mafrl_CS9A_Specific_Conductivity_Bottom_DATA.png
/CSIEM_DATA/csiem-data/data-warehouse/data-images/csmc/csmcwq/mafrl_CS9A_Specific_Conductivity_Surface_DATA.png
/CSIEM_DATA/csiem-data/data-warehouse/data-images/csmc/csmcwq/mafrl_CS9A_Temperature_Bottom_DATA.png
/CSIEM_DATA/csiem-data/data-warehouse/data-images/csmc/csmcwq/mafrl_CS9A_Temperature_Surface_DATA.png
/CSIEM_DATA/csiem-data/data-warehouse/data-images/csmc/csmcwq/mafrl_CS9A_Total_Nitrogen_Int_DATA.png
/CSIEM_DATA/csiem-data/data-warehouse/data-images/csmc/csmcwq/mafrl_CS9A_Total_Phosphorus_Int_DATA.png
/CSIEM_DATA/csiem-data/data-warehouse/data-images/csmc/csmcwq/mafrl_CS9A_Total_Suspended_Solids_Int_DATA.png
/CSIEM_DATA/csiem-data/data-warehouse/data-images/csmc/csmcwq/mafrl_CS9A_Turbidity_Bottom_DATA.png
/CSIEM_DATA/csiem-data/data-warehouse/data-images/csmc/csmcwq/mafrl_CS9A_Turbidity_Surface_DATA.png
/CSIEM_DATA/csiem-data/data-warehouse/data-images/csmc/csmcwq/mafrl_CS9A_pH_Bottom_DATA.png
/CSIEM_DATA/csiem-data/data-warehouse/data-images/csmc/csmcwq/mafrl_CS9A_pH_Surface_DATA.png
/CSIEM_DATA/csiem-data/data-warehouse/data-images/csmc/csmcwq/mafrl_CS9S_Ammonium_Int_DATA.png
/CSIEM_DATA/csiem-data/data-warehouse/data-images/csmc/csmcwq/mafrl_CS9S_Chlorophyll-a_Int_DATA.png
/CSIEM_DATA/csiem-data/data-warehouse/data-images/csmc/csmcwq/mafrl_CS9S_Dissolved_Oxygen_Bottom_DATA.png
/CSIEM_DATA/csiem-data/data-warehouse/data-images/csmc/csmcwq/mafrl_CS9S_Dissolved_Oxygen_Surface_DATA.png
/CSIEM_DATA/csiem-data/data-warehouse/data-images/csmc/csmcwq/mafrl_CS9S_Filterable_Reactive_Phosphate_Int_DATA.png
/CSIEM_DATA/csiem-data/data-warehouse/data-images/csmc/csmcwq/mafrl_CS9S_Light_Attenuation_Coefficient_Int_DATA.png
/CSIEM_DATA/csiem-data/data-warehouse/data-images/csmc/csmcwq/mafrl_CS9S_Nitrate_Int_DATA.png
/CSIEM_DATA/csiem-data/data-warehouse/data-images/csmc/csmcwq/mafrl_CS9S_Salinity_Bottom_DATA.png
/CSIEM_DATA/csiem-data/data-warehouse/data-images/csmc/csmcwq/mafrl_CS9S_Salinity_Surface_DATA.png
/CSIEM_DATA/csiem-data/data-warehouse/data-images/csmc/csmcwq/mafrl_CS9S_Temperature_Bottom_DATA.png
/CSIEM_DATA/csiem-data/data-warehouse/data-images/csmc/csmcwq/mafrl_CS9S_Temperature_Surface_DATA.png
/CSIEM_DATA/csiem-data/data-warehouse/data-images/csmc/csmcwq/mafrl_CS9S_Total_Nitrogen_Int_DATA.png
/CSIEM_DATA/csiem-data/data-warehouse/data-images/csmc/csmcwq/mafrl_CS9S_Total_Phosphorus_Int_DATA.png
/CSIEM_DATA/csiem-data/data-warehouse/data-images/csmc/csmcwq/mafrl_CS9_Ammonium_Int_DATA.png
/CSIEM_DATA/csiem-data/data-warehouse/data-images/csmc/csmcwq/mafrl_CS9_Chlorophyll-a_Int_DATA.png
/CSIEM_DATA/csiem-data/data-warehouse/data-images/csmc/csmcwq/mafrl_CS9_Chlorophyll-b_Int_DATA.png
/CSIEM_DATA/csiem-data/data-warehouse/data-images/csmc/csmcwq/mafrl_CS9_Chlorophyll-c_Int_DATA.png
/CSIEM_DATA/csiem-data/data-warehouse/data-images/csmc/csmcwq/mafrl_CS9_Density_Bottom_DATA.png
/CSIEM_DATA/csiem-data/data-warehouse/data-images/csmc/csmcwq/mafrl_CS9_Density_Surface_DATA.png
/CSIEM_DATA/csiem-data/data-warehouse/data-images/csmc/csmcwq/mafrl_CS9_Dissolved_Oxygen_Bottom_DATA.png
/CSIEM_DATA/csiem-data/data-warehouse/data-images/csmc/csmcwq/mafrl_CS9_Dissolved_Oxygen_Surface_DATA.png
/CSIEM_DATA/csiem-data/data-warehouse/data-images/csmc/csmcwq/mafrl_CS9_Filterable_Reactive_Phosphate_Int_DATA.png
/CSIEM_DATA/csiem-data/data-warehouse/data-images/csmc/csmcwq/mafrl_CS9_Fluorescence_Bottom_DATA.png
/CSIEM_DATA/csiem-data/data-warehouse/data-images/csmc/csmcwq/mafrl_CS9_Fluorescence_Int_DATA.png
/CSIEM_DATA/csiem-data/data-warehouse/data-images/csmc/csmcwq/mafrl_CS9_Fluorescence_Surface_DATA.png
/CSIEM_DATA/csiem-data/data-warehouse/data-images/csmc/csmcwq/mafrl_CS9_Light_Attenuation_Coefficient_Int_DATA.png
/CSIEM_DATA/csiem-data/data-warehouse/data-images/csmc/csmcwq/mafrl_CS9_Nitrate_Int_DATA.png
/CSIEM_DATA/csiem-data/data-warehouse/data-images/csmc/csmcwq/mafrl_CS9_O2_Saturation_Bottom_DATA.png
/CSIEM_DATA/csiem-data/data-warehouse/data-images/csmc/csmcwq/mafrl_CS9_O2_Saturation_Surface_DATA.png
/CSIEM_DATA/csiem-data/data-warehouse/data-images/csmc/csmcwq/mafrl_CS9_Organic_Nitrogen_Int_DATA.png
/CSIEM_DATA/csiem-data/data-warehouse/data-images/csmc/csmcwq/mafrl_CS9_Organic_Phosphorus_Int_DATA.png
/CSIEM_DATA/csiem-data/data-warehouse/data-images/csmc/csmcwq/mafrl_CS9_Particulate_Organic_Carbon_Int_DATA.png
/CSIEM_DATA/csiem-data/data-warehouse/data-images/csmc/csmcwq/mafrl_CS9_Salinity_Bottom_DATA.png
/CSIEM_DATA/csiem-data/data-warehouse/data-images/csmc/csmcwq/mafrl_CS9_Salinity_Surface_DATA.png
/CSIEM_DATA/csiem-data/data-warehouse/data-images/csmc/csmcwq/mafrl_CS9_Secchi_Depth_Int_DATA.png
/CSIEM_DATA/csiem-data/data-warehouse/data-images/csmc/csmcwq/mafrl_CS9_Specific_Conductivity_Bottom_DATA.png
/CSIEM_DATA/csiem-data/data-warehouse/data-images/csmc/csmcwq/mafrl_CS9_Specific_Conductivity_Surface_DATA.png
/CSIEM_DATA/csiem-data/data-warehouse/data-images/csmc/csmcwq/mafrl_CS9_Temperature_Bottom_DATA.png
/CSIEM_DATA/csiem-data/data-warehouse/data-images/csmc/csmcwq/mafrl_CS9_Temperature_Surface_DATA.png
/CSIEM_DATA/csiem-data/data-warehouse/data-images/csmc/csmcwq/mafrl_CS9_Total_Nitrogen_Int_DATA.png
/CSIEM_DATA/csiem-data/data-warehouse/data-images/csmc/csmcwq/mafrl_CS9_Total_Phosphorus_Int_DATA.png
/CSIEM_DATA/csiem-data/data-warehouse/data-images/csmc/csmcwq/mafrl_CS9_Total_Suspended_Solids_Int_DATA.png
/CSIEM_DATA/csiem-data/data-warehouse/data-images/csmc/csmcwq/mafrl_CS9_Turbidity_Bottom_DATA.png
/CSIEM_DATA/csiem-data/data-warehouse/data-images/csmc/csmcwq/mafrl_CS9_Turbidity_Surface_DATA.png
/CSIEM_DATA/csiem-data/data-warehouse/data-images/csmc/csmcwq/mafrl_CS9_pH_Bottom_DATA.png
/CSIEM_DATA/csiem-data/data-warehouse/data-images/csmc/csmcwq/mafrl_CS9_pH_Surface_DATA.png
/CSIEM_DATA/csiem-data/data-warehouse/data-images/csmc/csmcwq/mafrl_CSNC_Ammonium_Int_DATA.png
/CSIEM_DATA/csiem-data/data-warehouse/data-images/csmc/csmcwq/mafrl_CSNC_Chlorophyll-a_Int_DATA.png
/CSIEM_DATA/csiem-data/data-warehouse/data-images/csmc/csmcwq/mafrl_CSNC_Dissolved_Oxygen_Bottom_DATA.png
/CSIEM_DATA/csiem-data/data-warehouse/data-images/csmc/csmcwq/mafrl_CSNC_Dissolved_Oxygen_Surface_DATA.png
/CSIEM_DATA/csiem-data/data-warehouse/data-images/csmc/csmcwq/mafrl_CSNC_Filterable_Reactive_Phosphate_Int_DATA.png
/CSIEM_DATA/csiem-data/data-warehouse/data-images/csmc/csmcwq/mafrl_CSNC_Light_Attenuation_Coefficient_Int_DATA.png
/CSIEM_DATA/csiem-data/data-warehouse/data-images/csmc/csmcwq/mafrl_CSNC_Nitrate_Int_DATA.png
/CSIEM_DATA/csiem-data/data-warehouse/data-images/csmc/csmcwq/mafrl_CSNC_Salinity_Bottom_DATA.png
/CSIEM_DATA/csiem-data/data-warehouse/data-images/csmc/csmcwq/mafrl_CSNC_Salinity_Surface_DATA.png
/CSIEM_DATA/csiem-data/data-warehouse/data-images/csmc/csmcwq/mafrl_CSNC_Secchi_Depth_Int_DATA.png
/CSIEM_DATA/csiem-data/data-warehouse/data-images/csmc/csmcwq/mafrl_CSNC_Temperature_Bottom_DATA.png
/CSIEM_DATA/csiem-data/data-warehouse/data-images/csmc/csmcwq/mafrl_CSNC_Temperature_Surface_DATA.png
/CSIEM_DATA/csiem-data/data-warehouse/data-images/csmc/csmcwq/mafrl_CSNC_Total_Nitrogen_Int_DATA.png
/CSIEM_DATA/csiem-data/data-warehouse/data-images/csmc/csmcwq/mafrl_CSNC_Total_Phosphorus_Int_DATA.png
/CSIEM_DATA/csiem-data/data-warehouse/data-images/csmc/csmcwq/mafrl_CSSC_Ammonium_Int_DATA.png
/CSIEM_DATA/csiem-data/data-warehouse/data-images/csmc/csmcwq/mafrl_CSSC_Chlorophyll-a_Int_DATA.png
/CSIEM_DATA/csiem-data/data-warehouse/data-images/csmc/csmcwq/mafrl_CSSC_Dissolved_Oxygen_Bottom_DATA.png
/CSIEM_DATA/csiem-data/data-warehouse/data-images/csmc/csmcwq/mafrl_CSSC_Dissolved_Oxygen_Surface_DATA.png
/CSIEM_DATA/csiem-data/data-warehouse/data-images/csmc/csmcwq/mafrl_CSSC_Filterable_Reactive_Phosphate_Int_DATA.png
/CSIEM_DATA/csiem-data/data-warehouse/data-images/csmc/csmcwq/mafrl_CSSC_Light_Attenuation_Coefficient_Int_DATA.png
/CSIEM_DATA/csiem-data/data-warehouse/data-images/csmc/csmcwq/mafrl_CSSC_Nitrate_Int_DATA.png
/CSIEM_DATA/csiem-data/data-warehouse/data-images/csmc/csmcwq/mafrl_CSSC_Salinity_Bottom_DATA.png
/CSIEM_DATA/csiem-data/data-warehouse/data-images/csmc/csmcwq/mafrl_CSSC_Salinity_Surface_DATA.png
/CSIEM_DATA/csiem-data/data-warehouse/data-images/csmc/csmcwq/mafrl_CSSC_Secchi_Depth_Int_DATA.png
/CSIEM_DATA/csiem-data/data-warehouse/data-images/csmc/csmcwq/mafrl_CSSC_Temperature_Bottom_DATA.png
/CSIEM_DATA/csiem-data/data-warehouse/data-images/csmc/csmcwq/mafrl_CSSC_Temperature_Surface_DATA.png
/CSIEM_DATA/csiem-data/data-warehouse/data-images/csmc/csmcwq/mafrl_CSSC_Total_Nitrogen_Int_DATA.png
/CSIEM_DATA/csiem-data/data-warehouse/data-images/csmc/csmcwq/mafrl_CSSC_Total_Phosphorus_Int_DATA.png
/CSIEM_DATA/csiem-data/data-warehouse/data-images/csmc/csmcwq/mafrl_G1_Ammonium_Int_DATA.png
/CSIEM_DATA/csiem-data/data-warehouse/data-images/csmc/csmcwq/mafrl_G1_Chlorophyll-a_Int_DATA.png
/CSIEM_DATA/csiem-data/data-warehouse/data-images/csmc/csmcwq/mafrl_G1_Chlorophyll-b_Int_DATA.png
/CSIEM_DATA/csiem-data/data-warehouse/data-images/csmc/csmcwq/mafrl_G1_Chlorophyll-c_Int_DATA.png
/CSIEM_DATA/csiem-data/data-warehouse/data-images/csmc/csmcwq/mafrl_G1_Density_Bottom_DATA.png
/CSIEM_DATA/csiem-data/data-warehouse/data-images/csmc/csmcwq/mafrl_G1_Density_Surface_DATA.png
/CSIEM_DATA/csiem-data/data-warehouse/data-images/csmc/csmcwq/mafrl_G1_Dissolved_Oxygen_Bottom_DATA.png
/CSIEM_DATA/csiem-data/data-warehouse/data-images/csmc/csmcwq/mafrl_G1_Dissolved_Oxygen_Surface_DATA.png
/CSIEM_DATA/csiem-data/data-warehouse/data-images/csmc/csmcwq/mafrl_G1_Filterable_Reactive_Phosphate_Int_DATA.png
/CSIEM_DATA/csiem-data/data-warehouse/data-images/csmc/csmcwq/mafrl_G1_Fluorescence_Bottom_DATA.png
/CSIEM_DATA/csiem-data/data-warehouse/data-images/csmc/csmcwq/mafrl_G1_Fluorescence_Int_DATA.png
/CSIEM_DATA/csiem-data/data-warehouse/data-images/csmc/csmcwq/mafrl_G1_Fluorescence_Surface_DATA.png
/CSIEM_DATA/csiem-data/data-warehouse/data-images/csmc/csmcwq/mafrl_G1_Light_Attenuation_Coefficient_Int_DATA.png
/CSIEM_DATA/csiem-data/data-warehouse/data-images/csmc/csmcwq/mafrl_G1_Nitrate_Int_DATA.png
/CSIEM_DATA/csiem-data/data-warehouse/data-images/csmc/csmcwq/mafrl_G1_O2_Saturation_Bottom_DATA.png
/CSIEM_DATA/csiem-data/data-warehouse/data-images/csmc/csmcwq/mafrl_G1_O2_Saturation_Surface_DATA.png
/CSIEM_DATA/csiem-data/data-warehouse/data-images/csmc/csmcwq/mafrl_G1_Salinity_Bottom_DATA.png
/CSIEM_DATA/csiem-data/data-warehouse/data-images/csmc/csmcwq/mafrl_G1_Salinity_Surface_DATA.png
/CSIEM_DATA/csiem-data/data-warehouse/data-images/csmc/csmcwq/mafrl_G1_Secchi_Depth_Int_DATA.png
/CSIEM_DATA/csiem-data/data-warehouse/data-images/csmc/csmcwq/mafrl_G1_Specific_Conductivity_Bottom_DATA.png
/CSIEM_DATA/csiem-data/data-warehouse/data-images/csmc/csmcwq/mafrl_G1_Specific_Conductivity_Surface_DATA.png
/CSIEM_DATA/csiem-data/data-warehouse/data-images/csmc/csmcwq/mafrl_G1_Temperature_Bottom_DATA.png
/CSIEM_DATA/csiem-data/data-warehouse/data-images/csmc/csmcwq/mafrl_G1_Temperature_Surface_DATA.png
/CSIEM_DATA/csiem-data/data-warehouse/data-images/csmc/csmcwq/mafrl_G1_Total_Nitrogen_Int_DATA.png
/CSIEM_DATA/csiem-data/data-warehouse/data-images/csmc/csmcwq/mafrl_G1_Total_Phosphorus_Int_DATA.png
/CSIEM_DATA/csiem-data/data-warehouse/data-images/csmc/csmcwq/mafrl_G1_Total_Suspended_Solids_Int_DATA.png
/CSIEM_DATA/csiem-data/data-warehouse/data-images/csmc/csmcwq/mafrl_G1_Turbidity_Bottom_DATA.png
/CSIEM_DATA/csiem-data/data-warehouse/data-images/csmc/csmcwq/mafrl_G1_Turbidity_Surface_DATA.png
/CSIEM_DATA/csiem-data/data-warehouse/data-images/csmc/csmcwq/mafrl_G1_pH_Bottom_DATA.png
/CSIEM_DATA/csiem-data/data-warehouse/data-images/csmc/csmcwq/mafrl_G1_pH_Surface_DATA.png
/CSIEM_DATA/csiem-data/data-warehouse/data-images/csmc/csmcwq/mafrl_G2_Ammonium_Int_DATA.png
/CSIEM_DATA/csiem-data/data-warehouse/data-images/csmc/csmcwq/mafrl_G2_Chlorophyll-a_Int_DATA.png
/CSIEM_DATA/csiem-data/data-warehouse/data-images/csmc/csmcwq/mafrl_G2_Chlorophyll-b_Int_DATA.png
/CSIEM_DATA/csiem-data/data-warehouse/data-images/csmc/csmcwq/mafrl_G2_Chlorophyll-c_Int_DATA.png
/CSIEM_DATA/csiem-data/data-warehouse/data-images/csmc/csmcwq/mafrl_G2_Density_Bottom_DATA.png
/CSIEM_DATA/csiem-data/data-warehouse/data-images/csmc/csmcwq/mafrl_G2_Density_Surface_DATA.png
/CSIEM_DATA/csiem-data/data-warehouse/data-images/csmc/csmcwq/mafrl_G2_Dissolved_Oxygen_Bottom_DATA.png
/CSIEM_DATA/csiem-data/data-warehouse/data-images/csmc/csmcwq/mafrl_G2_Dissolved_Oxygen_Surface_DATA.png
/CSIEM_DATA/csiem-data/data-warehouse/data-images/csmc/csmcwq/mafrl_G2_Filterable_Reactive_Phosphate_Int_DATA.png
/CSIEM_DATA/csiem-data/data-warehouse/data-images/csmc/csmcwq/mafrl_G2_Fluorescence_Bottom_DATA.png
/CSIEM_DATA/csiem-data/data-warehouse/data-images/csmc/csmcwq/mafrl_G2_Fluorescence_Int_DATA.png
/CSIEM_DATA/csiem-data/data-warehouse/data-images/csmc/csmcwq/mafrl_G2_Fluorescence_Surface_DATA.png
/CSIEM_DATA/csiem-data/data-warehouse/data-images/csmc/csmcwq/mafrl_G2_Light_Attenuation_Coefficient_Int_DATA.png
/CSIEM_DATA/csiem-data/data-warehouse/data-images/csmc/csmcwq/mafrl_G2_Nitrate_Int_DATA.png
/CSIEM_DATA/csiem-data/data-warehouse/data-images/csmc/csmcwq/mafrl_G2_O2_Saturation_Bottom_DATA.png
/CSIEM_DATA/csiem-data/data-warehouse/data-images/csmc/csmcwq/mafrl_G2_O2_Saturation_Surface_DATA.png
/CSIEM_DATA/csiem-data/data-warehouse/data-images/csmc/csmcwq/mafrl_G2_Salinity_Bottom_DATA.png
/CSIEM_DATA/csiem-data/data-warehouse/data-images/csmc/csmcwq/mafrl_G2_Salinity_Surface_DATA.png
/CSIEM_DATA/csiem-data/data-warehouse/data-images/csmc/csmcwq/mafrl_G2_Secchi_Depth_Int_DATA.png
/CSIEM_DATA/csiem-data/data-warehouse/data-images/csmc/csmcwq/mafrl_G2_Specific_Conductivity_Bottom_DATA.png
/CSIEM_DATA/csiem-data/data-warehouse/data-images/csmc/csmcwq/mafrl_G2_Specific_Conductivity_Surface_DATA.png
/CSIEM_DATA/csiem-data/data-warehouse/data-images/csmc/csmcwq/mafrl_G2_Temperature_Bottom_DATA.png
/CSIEM_DATA/csiem-data/data-warehouse/data-images/csmc/csmcwq/mafrl_G2_Temperature_Surface_DATA.png
/CSIEM_DATA/csiem-data/data-warehouse/data-images/csmc/csmcwq/mafrl_G2_Total_Nitrogen_Int_DATA.png
/CSIEM_DATA/csiem-data/data-warehouse/data-images/csmc/csmcwq/mafrl_G2_Total_Phosphorus_Int_DATA.png
/CSIEM_DATA/csiem-data/data-warehouse/data-images/csmc/csmcwq/mafrl_G2_Total_Suspended_Solids_Int_DATA.png
/CSIEM_DATA/csiem-data/data-warehouse/data-images/csmc/csmcwq/mafrl_G2_Turbidity_Bottom_DATA.png
/CSIEM_DATA/csiem-data/data-warehouse/data-images/csmc/csmcwq/mafrl_G2_Turbidity_Surface_DATA.png
/CSIEM_DATA/csiem-data/data-warehouse/data-images/csmc/csmcwq/mafrl_G2_pH_Bottom_DATA.png
/CSIEM_DATA/csiem-data/data-warehouse/data-images/csmc/csmcwq/mafrl_G2_pH_Surface_DATA.png
/CSIEM_DATA/csiem-data/data-warehouse/data-images/csmc/csmcwq/mafrl_G3_Ammonium_Int_DATA.png
/CSIEM_DATA/csiem-data/data-warehouse/data-images/csmc/csmcwq/mafrl_G3_Chlorophyll-a_Int_DATA.png
/CSIEM_DATA/csiem-data/data-warehouse/data-images/csmc/csmcwq/mafrl_G3_Chlorophyll-b_Int_DATA.png
/CSIEM_DATA/csiem-data/data-warehouse/data-images/csmc/csmcwq/mafrl_G3_Chlorophyll-c_Int_DATA.png
/CSIEM_DATA/csiem-data/data-warehouse/data-images/csmc/csmcwq/mafrl_G3_Density_Bottom_DATA.png
/CSIEM_DATA/csiem-data/data-warehouse/data-images/csmc/csmcwq/mafrl_G3_Density_Surface_DATA.png
/CSIEM_DATA/csiem-data/data-warehouse/data-images/csmc/csmcwq/mafrl_G3_Dissolved_Oxygen_Bottom_DATA.png
/CSIEM_DATA/csiem-data/data-warehouse/data-images/csmc/csmcwq/mafrl_G3_Dissolved_Oxygen_Surface_DATA.png
/CSIEM_DATA/csiem-data/data-warehouse/data-images/csmc/csmcwq/mafrl_G3_Filterable_Reactive_Phosphate_Int_DATA.png
/CSIEM_DATA/csiem-data/data-warehouse/data-images/csmc/csmcwq/mafrl_G3_Fluorescence_Bottom_DATA.png
/CSIEM_DATA/csiem-data/data-warehouse/data-images/csmc/csmcwq/mafrl_G3_Fluorescence_Int_DATA.png
/CSIEM_DATA/csiem-data/data-warehouse/data-images/csmc/csmcwq/mafrl_G3_Fluorescence_Surface_DATA.png
/CSIEM_DATA/csiem-data/data-warehouse/data-images/csmc/csmcwq/mafrl_G3_Light_Attenuation_Coefficient_Int_DATA.png
/CSIEM_DATA/csiem-data/data-warehouse/data-images/csmc/csmcwq/mafrl_G3_Nitrate_Int_DATA.png
/CSIEM_DATA/csiem-data/data-warehouse/data-images/csmc/csmcwq/mafrl_G3_O2_Saturation_Bottom_DATA.png
/CSIEM_DATA/csiem-data/data-warehouse/data-images/csmc/csmcwq/mafrl_G3_O2_Saturation_Surface_DATA.png
/CSIEM_DATA/csiem-data/data-warehouse/data-images/csmc/csmcwq/mafrl_G3_Salinity_Bottom_DATA.png
/CSIEM_DATA/csiem-data/data-warehouse/data-images/csmc/csmcwq/mafrl_G3_Salinity_Surface_DATA.png
/CSIEM_DATA/csiem-data/data-warehouse/data-images/csmc/csmcwq/mafrl_G3_Secchi_Depth_Int_DATA.png
/CSIEM_DATA/csiem-data/data-warehouse/data-images/csmc/csmcwq/mafrl_G3_Specific_Conductivity_Bottom_DATA.png
/CSIEM_DATA/csiem-data/data-warehouse/data-images/csmc/csmcwq/mafrl_G3_Specific_Conductivity_Surface_DATA.png
/CSIEM_DATA/csiem-data/data-warehouse/data-images/csmc/csmcwq/mafrl_G3_Temperature_Bottom_DATA.png
/CSIEM_DATA/csiem-data/data-warehouse/data-images/csmc/csmcwq/mafrl_G3_Temperature_Surface_DATA.png
/CSIEM_DATA/csiem-data/data-warehouse/data-images/csmc/csmcwq/mafrl_G3_Total_Nitrogen_Int_DATA.png
/CSIEM_DATA/csiem-data/data-warehouse/data-images/csmc/csmcwq/mafrl_G3_Total_Phosphorus_Int_DATA.png
/CSIEM_DATA/csiem-data/data-warehouse/data-images/csmc/csmcwq/mafrl_G3_Total_Suspended_Solids_Int_DATA.png
/CSIEM_DATA/csiem-data/data-warehouse/data-images/csmc/csmcwq/mafrl_G3_Turbidity_Bottom_DATA.png
/CSIEM_DATA/csiem-data/data-warehouse/data-images/csmc/csmcwq/mafrl_G3_Turbidity_Surface_DATA.png
/CSIEM_DATA/csiem-data/data-warehouse/data-images/csmc/csmcwq/mafrl_G3_pH_Bottom_DATA.png
/CSIEM_DATA/csiem-data/data-warehouse/data-images/csmc/csmcwq/mafrl_G3_pH_Surface_DATA.png
/CSIEM_DATA/csiem-data/data-warehouse/data-images/csmc/csmcwq/mafrl_MB_Ammonium_Int_DATA.png
/CSIEM_DATA/csiem-data/data-warehouse/data-images/csmc/csmcwq/mafrl_MB_Chlorophyll-a_Int_DATA.png
/CSIEM_DATA/csiem-data/data-warehouse/data-images/csmc/csmcwq/mafrl_MB_Chlorophyll-b_Int_DATA.png
/CSIEM_DATA/csiem-data/data-warehouse/data-images/csmc/csmcwq/mafrl_MB_Chlorophyll-c_Int_DATA.png
/CSIEM_DATA/csiem-data/data-warehouse/data-images/csmc/csmcwq/mafrl_MB_Density_Bottom_DATA.png
/CSIEM_DATA/csiem-data/data-warehouse/data-images/csmc/csmcwq/mafrl_MB_Density_Surface_DATA.png
/CSIEM_DATA/csiem-data/data-warehouse/data-images/csmc/csmcwq/mafrl_MB_Dissolved_Oxygen_Bottom_DATA.png
/CSIEM_DATA/csiem-data/data-warehouse/data-images/csmc/csmcwq/mafrl_MB_Dissolved_Oxygen_Surface_DATA.png
/CSIEM_DATA/csiem-data/data-warehouse/data-images/csmc/csmcwq/mafrl_MB_Filterable_Reactive_Phosphate_Int_DATA.png
/CSIEM_DATA/csiem-data/data-warehouse/data-images/csmc/csmcwq/mafrl_MB_Fluorescence_Bottom_DATA.png
/CSIEM_DATA/csiem-data/data-warehouse/data-images/csmc/csmcwq/mafrl_MB_Fluorescence_Int_DATA.png
/CSIEM_DATA/csiem-data/data-warehouse/data-images/csmc/csmcwq/mafrl_MB_Fluorescence_Surface_DATA.png
/CSIEM_DATA/csiem-data/data-warehouse/data-images/csmc/csmcwq/mafrl_MB_Light_Attenuation_Coefficient_Int_DATA.png
/CSIEM_DATA/csiem-data/data-warehouse/data-images/csmc/csmcwq/mafrl_MB_Nitrate_Int_DATA.png
/CSIEM_DATA/csiem-data/data-warehouse/data-images/csmc/csmcwq/mafrl_MB_O2_Saturation_Bottom_DATA.png
/CSIEM_DATA/csiem-data/data-warehouse/data-images/csmc/csmcwq/mafrl_MB_O2_Saturation_Surface_DATA.png
/CSIEM_DATA/csiem-data/data-warehouse/data-images/csmc/csmcwq/mafrl_MB_Particulate_Organic_Carbon_Int_DATA.png
/CSIEM_DATA/csiem-data/data-warehouse/data-images/csmc/csmcwq/mafrl_MB_Salinity_Bottom_DATA.png
/CSIEM_DATA/csiem-data/data-warehouse/data-images/csmc/csmcwq/mafrl_MB_Salinity_Surface_DATA.png
/CSIEM_DATA/csiem-data/data-warehouse/data-images/csmc/csmcwq/mafrl_MB_Secchi_Depth_Int_DATA.png
/CSIEM_DATA/csiem-data/data-warehouse/data-images/csmc/csmcwq/mafrl_MB_Specific_Conductivity_Bottom_DATA.png
/CSIEM_DATA/csiem-data/data-warehouse/data-images/csmc/csmcwq/mafrl_MB_Specific_Conductivity_Surface_DATA.png
/CSIEM_DATA/csiem-data/data-warehouse/data-images/csmc/csmcwq/mafrl_MB_Temperature_Bottom_DATA.png
/CSIEM_DATA/csiem-data/data-warehouse/data-images/csmc/csmcwq/mafrl_MB_Temperature_Surface_DATA.png
/CSIEM_DATA/csiem-data/data-warehouse/data-images/csmc/csmcwq/mafrl_MB_Total_Nitrogen_Int_DATA.png
/CSIEM_DATA/csiem-data/data-warehouse/data-images/csmc/csmcwq/mafrl_MB_Total_Phosphorus_Int_DATA.png
/CSIEM_DATA/csiem-data/data-warehouse/data-images/csmc/csmcwq/mafrl_MB_Total_Suspended_Solids_Int_DATA.png
/CSIEM_DATA/csiem-data/data-warehouse/data-images/csmc/csmcwq/mafrl_MB_Turbidity_Bottom_DATA.png
/CSIEM_DATA/csiem-data/data-warehouse/data-images/csmc/csmcwq/mafrl_MB_Turbidity_Surface_DATA.png
/CSIEM_DATA/csiem-data/data-warehouse/data-images/csmc/csmcwq/mafrl_MB_pH_Bottom_DATA.png
/CSIEM_DATA/csiem-data/data-warehouse/data-images/csmc/csmcwq/mafrl_MB_pH_Surface_DATA.png
/CSIEM_DATA/csiem-data/data-warehouse/data-images/csmc/csmcwq/mafrl_NC_Ammonium_Int_DATA.png
/CSIEM_DATA/csiem-data/data-warehouse/data-images/csmc/csmcwq/mafrl_NC_Chlorophyll-a_Int_DATA.png
/CSIEM_DATA/csiem-data/data-warehouse/data-images/csmc/csmcwq/mafrl_NC_Dissolved_Oxygen_Bottom_DATA.png
/CSIEM_DATA/csiem-data/data-warehouse/data-images/csmc/csmcwq/mafrl_NC_Dissolved_Oxygen_Surface_DATA.png
/CSIEM_DATA/csiem-data/data-warehouse/data-images/csmc/csmcwq/mafrl_NC_Filterable_Reactive_Phosphate_Int_DATA.png
/CSIEM_DATA/csiem-data/data-warehouse/data-images/csmc/csmcwq/mafrl_NC_Light_Attenuation_Coefficient_Int_DATA.png
/CSIEM_DATA/csiem-data/data-warehouse/data-images/csmc/csmcwq/mafrl_NC_Nitrate_Int_DATA.png
/CSIEM_DATA/csiem-data/data-warehouse/data-images/csmc/csmcwq/mafrl_NC_Salinity_Bottom_DATA.png
/CSIEM_DATA/csiem-data/data-warehouse/data-images/csmc/csmcwq/mafrl_NC_Salinity_Surface_DATA.png
/CSIEM_DATA/csiem-data/data-warehouse/data-images/csmc/csmcwq/mafrl_NC_Secchi_Depth_Int_DATA.png
/CSIEM_DATA/csiem-data/data-warehouse/data-images/csmc/csmcwq/mafrl_NC_Temperature_Bottom_DATA.png
/CSIEM_DATA/csiem-data/data-warehouse/data-images/csmc/csmcwq/mafrl_NC_Temperature_Surface_DATA.png
/CSIEM_DATA/csiem-data/data-warehouse/data-images/csmc/csmcwq/mafrl_NC_Total_Nitrogen_Int_DATA.png
/CSIEM_DATA/csiem-data/data-warehouse/data-images/csmc/csmcwq/mafrl_NC_Total_Phosphorus_Int_DATA.png
/CSIEM_DATA/csiem-data/data-warehouse/data-images/csmc/csmcwq/mafrl_NH3_Ammonium_Int_DATA.png
/CSIEM_DATA/csiem-data/data-warehouse/data-images/csmc/csmcwq/mafrl_NH3_Chlorophyll-a_Int_DATA.png
/CSIEM_DATA/csiem-data/data-warehouse/data-images/csmc/csmcwq/mafrl_NH3_Chlorophyll-b_Int_DATA.png
/CSIEM_DATA/csiem-data/data-warehouse/data-images/csmc/csmcwq/mafrl_NH3_Chlorophyll-c_Int_DATA.png
/CSIEM_DATA/csiem-data/data-warehouse/data-images/csmc/csmcwq/mafrl_NH3_Density_Bottom_DATA.png
/CSIEM_DATA/csiem-data/data-warehouse/data-images/csmc/csmcwq/mafrl_NH3_Density_Surface_DATA.png
/CSIEM_DATA/csiem-data/data-warehouse/data-images/csmc/csmcwq/mafrl_NH3_Dissolved_Oxygen_Bottom_DATA.png
/CSIEM_DATA/csiem-data/data-warehouse/data-images/csmc/csmcwq/mafrl_NH3_Dissolved_Oxygen_Surface_DATA.png
/CSIEM_DATA/csiem-data/data-warehouse/data-images/csmc/csmcwq/mafrl_NH3_Filterable_Reactive_Phosphate_Int_DATA.png
/CSIEM_DATA/csiem-data/data-warehouse/data-images/csmc/csmcwq/mafrl_NH3_Fluorescence_Bottom_DATA.png
/CSIEM_DATA/csiem-data/data-warehouse/data-images/csmc/csmcwq/mafrl_NH3_Fluorescence_Int_DATA.png
/CSIEM_DATA/csiem-data/data-warehouse/data-images/csmc/csmcwq/mafrl_NH3_Fluorescence_Surface_DATA.png
/CSIEM_DATA/csiem-data/data-warehouse/data-images/csmc/csmcwq/mafrl_NH3_Light_Attenuation_Coefficient_Int_DATA.png
/CSIEM_DATA/csiem-data/data-warehouse/data-images/csmc/csmcwq/mafrl_NH3_Nitrate_Int_DATA.png
/CSIEM_DATA/csiem-data/data-warehouse/data-images/csmc/csmcwq/mafrl_NH3_O2_Saturation_Bottom_DATA.png
/CSIEM_DATA/csiem-data/data-warehouse/data-images/csmc/csmcwq/mafrl_NH3_O2_Saturation_Surface_DATA.png
/CSIEM_DATA/csiem-data/data-warehouse/data-images/csmc/csmcwq/mafrl_NH3_Particulate_Organic_Carbon_Int_DATA.png
/CSIEM_DATA/csiem-data/data-warehouse/data-images/csmc/csmcwq/mafrl_NH3_Salinity_Bottom_DATA.png
/CSIEM_DATA/csiem-data/data-warehouse/data-images/csmc/csmcwq/mafrl_NH3_Salinity_Surface_DATA.png
/CSIEM_DATA/csiem-data/data-warehouse/data-images/csmc/csmcwq/mafrl_NH3_Secchi_Depth_Int_DATA.png
/CSIEM_DATA/csiem-data/data-warehouse/data-images/csmc/csmcwq/mafrl_NH3_Specific_Conductivity_Bottom_DATA.png
/CSIEM_DATA/csiem-data/data-warehouse/data-images/csmc/csmcwq/mafrl_NH3_Specific_Conductivity_Surface_DATA.png
/CSIEM_DATA/csiem-data/data-warehouse/data-images/csmc/csmcwq/mafrl_NH3_Temperature_Bottom_DATA.png
/CSIEM_DATA/csiem-data/data-warehouse/data-images/csmc/csmcwq/mafrl_NH3_Temperature_Surface_DATA.png
/CSIEM_DATA/csiem-data/data-warehouse/data-images/csmc/csmcwq/mafrl_NH3_Total_Nitrogen_Int_DATA.png
/CSIEM_DATA/csiem-data/data-warehouse/data-images/csmc/csmcwq/mafrl_NH3_Total_Phosphorus_Int_DATA.png
/CSIEM_DATA/csiem-data/data-warehouse/data-images/csmc/csmcwq/mafrl_NH3_Total_Suspended_Solids_Int_DATA.png
/CSIEM_DATA/csiem-data/data-warehouse/data-images/csmc/csmcwq/mafrl_NH3_Turbidity_Bottom_DATA.png
/CSIEM_DATA/csiem-data/data-warehouse/data-images/csmc/csmcwq/mafrl_NH3_Turbidity_Surface_DATA.png
/CSIEM_DATA/csiem-data/data-warehouse/data-images/csmc/csmcwq/mafrl_NH3_pH_Bottom_DATA.png
/CSIEM_DATA/csiem-data/data-warehouse/data-images/csmc/csmcwq/mafrl_NH3_pH_Surface_DATA.png
/CSIEM_DATA/csiem-data/data-warehouse/data-images/csmc/csmcwq/mafrl_SC_Ammonium_Int_DATA.png
/CSIEM_DATA/csiem-data/data-warehouse/data-images/csmc/csmcwq/mafrl_SC_Chlorophyll-a_Int_DATA.png
/CSIEM_DATA/csiem-data/data-warehouse/data-images/csmc/csmcwq/mafrl_SC_Dissolved_Oxygen_Bottom_DATA.png
/CSIEM_DATA/csiem-data/data-warehouse/data-images/csmc/csmcwq/mafrl_SC_Dissolved_Oxygen_Surface_DATA.png
/CSIEM_DATA/csiem-data/data-warehouse/data-images/csmc/csmcwq/mafrl_SC_Filterable_Reactive_Phosphate_Int_DATA.png
/CSIEM_DATA/csiem-data/data-warehouse/data-images/csmc/csmcwq/mafrl_SC_Light_Attenuation_Coefficient_Int_DATA.png
/CSIEM_DATA/csiem-data/data-warehouse/data-images/csmc/csmcwq/mafrl_SC_Nitrate_Int_DATA.png
/CSIEM_DATA/csiem-data/data-warehouse/data-images/csmc/csmcwq/mafrl_SC_Salinity_Bottom_DATA.png
/CSIEM_DATA/csiem-data/data-warehouse/data-images/csmc/csmcwq/mafrl_SC_Salinity_Surface_DATA.png
/CSIEM_DATA/csiem-data/data-warehouse/data-images/csmc/csmcwq/mafrl_SC_Secchi_Depth_Int_DATA.png
/CSIEM_DATA/csiem-data/data-warehouse/data-images/csmc/csmcwq/mafrl_SC_Temperature_Bottom_DATA.png
/CSIEM_DATA/csiem-data/data-warehouse/data-images/csmc/csmcwq/mafrl_SC_Temperature_Surface_DATA.png
/CSIEM_DATA/csiem-data/data-warehouse/data-images/csmc/csmcwq/mafrl_SC_Total_Nitrogen_Int_DATA.png
/CSIEM_DATA/csiem-data/data-warehouse/data-images/csmc/csmcwq/mafrl_SC_Total_Phosphorus_Int_DATA.png
/CSIEM_DATA/csiem-data/data-warehouse/data-images/csmc/csmcwq/mafrl_SC_pH_Bottom_DATA.png
/CSIEM_DATA/csiem-data/data-warehouse/data-images/csmc/csmcwq/mafrl_SC_pH_Surface_DATA.png
/CSIEM_DATA/csiem-data/data-warehouse/data-images/csmc/csmcwq/mafrl_SF_Ammonium_Int_DATA.png
/CSIEM_DATA/csiem-data/data-warehouse/data-images/csmc/csmcwq/mafrl_SF_Chlorophyll-a_Int_DATA.png
/CSIEM_DATA/csiem-data/data-warehouse/data-images/csmc/csmcwq/mafrl_SF_Chlorophyll-b_Int_DATA.png
/CSIEM_DATA/csiem-data/data-warehouse/data-images/csmc/csmcwq/mafrl_SF_Chlorophyll-c_Int_DATA.png
/CSIEM_DATA/csiem-data/data-warehouse/data-images/csmc/csmcwq/mafrl_SF_Density_Bottom_DATA.png
/CSIEM_DATA/csiem-data/data-warehouse/data-images/csmc/csmcwq/mafrl_SF_Density_Surface_DATA.png
/CSIEM_DATA/csiem-data/data-warehouse/data-images/csmc/csmcwq/mafrl_SF_Dissolved_Oxygen_Bottom_DATA.png
/CSIEM_DATA/csiem-data/data-warehouse/data-images/csmc/csmcwq/mafrl_SF_Dissolved_Oxygen_Surface_DATA.png
/CSIEM_DATA/csiem-data/data-warehouse/data-images/csmc/csmcwq/mafrl_SF_Filterable_Reactive_Phosphate_Int_DATA.png
/CSIEM_DATA/csiem-data/data-warehouse/data-images/csmc/csmcwq/mafrl_SF_Fluorescence_Bottom_DATA.png
/CSIEM_DATA/csiem-data/data-warehouse/data-images/csmc/csmcwq/mafrl_SF_Fluorescence_Int_DATA.png
/CSIEM_DATA/csiem-data/data-warehouse/data-images/csmc/csmcwq/mafrl_SF_Fluorescence_Surface_DATA.png
/CSIEM_DATA/csiem-data/data-warehouse/data-images/csmc/csmcwq/mafrl_SF_Light_Attenuation_Coefficient_Int_DATA.png
/CSIEM_DATA/csiem-data/data-warehouse/data-images/csmc/csmcwq/mafrl_SF_Nitrate_Int_DATA.png
/CSIEM_DATA/csiem-data/data-warehouse/data-images/csmc/csmcwq/mafrl_SF_O2_Saturation_Bottom_DATA.png
/CSIEM_DATA/csiem-data/data-warehouse/data-images/csmc/csmcwq/mafrl_SF_O2_Saturation_Surface_DATA.png
/CSIEM_DATA/csiem-data/data-warehouse/data-images/csmc/csmcwq/mafrl_SF_Salinity_Bottom_DATA.png
/CSIEM_DATA/csiem-data/data-warehouse/data-images/csmc/csmcwq/mafrl_SF_Salinity_Surface_DATA.png
/CSIEM_DATA/csiem-data/data-warehouse/data-images/csmc/csmcwq/mafrl_SF_Secchi_Depth_Int_DATA.png
/CSIEM_DATA/csiem-data/data-warehouse/data-images/csmc/csmcwq/mafrl_SF_Specific_Conductivity_Bottom_DATA.png
/CSIEM_DATA/csiem-data/data-warehouse/data-images/csmc/csmcwq/mafrl_SF_Specific_Conductivity_Surface_DATA.png
/CSIEM_DATA/csiem-data/data-warehouse/data-images/csmc/csmcwq/mafrl_SF_Temperature_Bottom_DATA.png
/CSIEM_DATA/csiem-data/data-warehouse/data-images/csmc/csmcwq/mafrl_SF_Temperature_Surface_DATA.png
/CSIEM_DATA/csiem-data/data-warehouse/data-images/csmc/csmcwq/mafrl_SF_Total_Nitrogen_Int_DATA.png
/CSIEM_DATA/csiem-data/data-warehouse/data-images/csmc/csmcwq/mafrl_SF_Total_Phosphorus_Int_DATA.png
/CSIEM_DATA/csiem-data/data-warehouse/data-images/csmc/csmcwq/mafrl_SF_Total_Suspended_Solids_Int_DATA.png
/CSIEM_DATA/csiem-data/data-warehouse/data-images/csmc/csmcwq/mafrl_SF_Turbidity_Bottom_DATA.png
/CSIEM_DATA/csiem-data/data-warehouse/data-images/csmc/csmcwq/mafrl_SF_Turbidity_Surface_DATA.png
/CSIEM_DATA/csiem-data/data-warehouse/data-images/csmc/csmcwq/mafrl_SF_pH_Bottom_DATA.png
/CSIEM_DATA/csiem-data/data-warehouse/data-images/csmc/csmcwq/mafrl_SF_pH_Surface_DATA.png
/CSIEM_DATA/csiem-data/data-warehouse/data-images/csmc/csmcwq/mafrl_WS4_Ammonium_Int_DATA.png
/CSIEM_DATA/csiem-data/data-warehouse/data-images/csmc/csmcwq/mafrl_WS4_Chlorophyll-a_Int_DATA.png
/CSIEM_DATA/csiem-data/data-warehouse/data-images/csmc/csmcwq/mafrl_WS4_Chlorophyll-b_Int_DATA.png
/CSIEM_DATA/csiem-data/data-warehouse/data-images/csmc/csmcwq/mafrl_WS4_Chlorophyll-c_Int_DATA.png
/CSIEM_DATA/csiem-data/data-warehouse/data-images/csmc/csmcwq/mafrl_WS4_Density_Bottom_DATA.png
/CSIEM_DATA/csiem-data/data-warehouse/data-images/csmc/csmcwq/mafrl_WS4_Density_Surface_DATA.png
/CSIEM_DATA/csiem-data/data-warehouse/data-images/csmc/csmcwq/mafrl_WS4_Dissolved_Oxygen_Bottom_DATA.png
/CSIEM_DATA/csiem-data/data-warehouse/data-images/csmc/csmcwq/mafrl_WS4_Dissolved_Oxygen_Surface_DATA.png
/CSIEM_DATA/csiem-data/data-warehouse/data-images/csmc/csmcwq/mafrl_WS4_Filterable_Reactive_Phosphate_Int_DATA.png
/CSIEM_DATA/csiem-data/data-warehouse/data-images/csmc/csmcwq/mafrl_WS4_Fluorescence_Bottom_DATA.png
/CSIEM_DATA/csiem-data/data-warehouse/data-images/csmc/csmcwq/mafrl_WS4_Fluorescence_Int_DATA.png
/CSIEM_DATA/csiem-data/data-warehouse/data-images/csmc/csmcwq/mafrl_WS4_Fluorescence_Surface_DATA.png
/CSIEM_DATA/csiem-data/data-warehouse/data-images/csmc/csmcwq/mafrl_WS4_Light_Attenuation_Coefficient_Int_DATA.png
/CSIEM_DATA/csiem-data/data-warehouse/data-images/csmc/csmcwq/mafrl_WS4_Nitrate_Int_DATA.png
/CSIEM_DATA/csiem-data/data-warehouse/data-images/csmc/csmcwq/mafrl_WS4_O2_Saturation_Bottom_DATA.png
/CSIEM_DATA/csiem-data/data-warehouse/data-images/csmc/csmcwq/mafrl_WS4_O2_Saturation_Surface_DATA.png
/CSIEM_DATA/csiem-data/data-warehouse/data-images/csmc/csmcwq/mafrl_WS4_Salinity_Bottom_DATA.png
/CSIEM_DATA/csiem-data/data-warehouse/data-images/csmc/csmcwq/mafrl_WS4_Salinity_Surface_DATA.png
/CSIEM_DATA/csiem-data/data-warehouse/data-images/csmc/csmcwq/mafrl_WS4_Secchi_Depth_Int_DATA.png
/CSIEM_DATA/csiem-data/data-warehouse/data-images/csmc/csmcwq/mafrl_WS4_Specific_Conductivity_Bottom_DATA.png
/CSIEM_DATA/csiem-data/data-warehouse/data-images/csmc/csmcwq/mafrl_WS4_Specific_Conductivity_Surface_DATA.png
/CSIEM_DATA/csiem-data/data-warehouse/data-images/csmc/csmcwq/mafrl_WS4_Temperature_Bottom_DATA.png
/CSIEM_DATA/csiem-data/data-warehouse/data-images/csmc/csmcwq/mafrl_WS4_Temperature_Surface_DATA.png
/CSIEM_DATA/csiem-data/data-warehouse/data-images/csmc/csmcwq/mafrl_WS4_Total_Nitrogen_Int_DATA.png
/CSIEM_DATA/csiem-data/data-warehouse/data-images/csmc/csmcwq/mafrl_WS4_Total_Phosphorus_Int_DATA.png
/CSIEM_DATA/csiem-data/data-warehouse/data-images/csmc/csmcwq/mafrl_WS4_Total_Suspended_Solids_Int_DATA.png
/CSIEM_DATA/csiem-data/data-warehouse/data-images/csmc/csmcwq/mafrl_WS4_Turbidity_Bottom_DATA.png
/CSIEM_DATA/csiem-data/data-warehouse/data-images/csmc/csmcwq/mafrl_WS4_Turbidity_Surface_DATA.png
/CSIEM_DATA/csiem-data/data-warehouse/data-images/csmc/csmcwq/mafrl_WS4_pH_Bottom_DATA.png
/CSIEM_DATA/csiem-data/data-warehouse/data-images/csmc/csmcwq/mafrl_WS4_pH_Surface_DATA.png
/CSIEM_DATA/csiem-data/data-warehouse/data-images/csmc/csmcwq/mafrl_WSSB_Ammonium_Int_DATA.png
/CSIEM_DATA/csiem-data/data-warehouse/data-images/csmc/csmcwq/mafrl_WSSB_Chlorophyll-a_Int_DATA.png
/CSIEM_DATA/csiem-data/data-warehouse/data-images/csmc/csmcwq/mafrl_WSSB_Chlorophyll-b_Int_DATA.png
/CSIEM_DATA/csiem-data/data-warehouse/data-images/csmc/csmcwq/mafrl_WSSB_Chlorophyll-c_Int_DATA.png
/CSIEM_DATA/csiem-data/data-warehouse/data-images/csmc/csmcwq/mafrl_WSSB_Density_Bottom_DATA.png
/CSIEM_DATA/csiem-data/data-warehouse/data-images/csmc/csmcwq/mafrl_WSSB_Density_Surface_DATA.png
/CSIEM_DATA/csiem-data/data-warehouse/data-images/csmc/csmcwq/mafrl_WSSB_Dissolved_Oxygen_Bottom_DATA.png
/CSIEM_DATA/csiem-data/data-warehouse/data-images/csmc/csmcwq/mafrl_WSSB_Dissolved_Oxygen_Surface_DATA.png
/CSIEM_DATA/csiem-data/data-warehouse/data-images/csmc/csmcwq/mafrl_WSSB_Filterable_Reactive_Phosphate_Int_DATA.png
/CSIEM_DATA/csiem-data/data-warehouse/data-images/csmc/csmcwq/mafrl_WSSB_Fluorescence_Bottom_DATA.png
/CSIEM_DATA/csiem-data/data-warehouse/data-images/csmc/csmcwq/mafrl_WSSB_Fluorescence_Int_DATA.png
/CSIEM_DATA/csiem-data/data-warehouse/data-images/csmc/csmcwq/mafrl_WSSB_Fluorescence_Surface_DATA.png
/CSIEM_DATA/csiem-data/data-warehouse/data-images/csmc/csmcwq/mafrl_WSSB_Light_Attenuation_Coefficient_Int_DATA.png
/CSIEM_DATA/csiem-data/data-warehouse/data-images/csmc/csmcwq/mafrl_WSSB_Nitrate_Int_DATA.png
/CSIEM_DATA/csiem-data/data-warehouse/data-images/csmc/csmcwq/mafrl_WSSB_O2_Saturation_Bottom_DATA.png
/CSIEM_DATA/csiem-data/data-warehouse/data-images/csmc/csmcwq/mafrl_WSSB_O2_Saturation_Surface_DATA.png
/CSIEM_DATA/csiem-data/data-warehouse/data-images/csmc/csmcwq/mafrl_WSSB_Particulate_Organic_Carbon_Int_DATA.png
/CSIEM_DATA/csiem-data/data-warehouse/data-images/csmc/csmcwq/mafrl_WSSB_Salinity_Bottom_DATA.png
/CSIEM_DATA/csiem-data/data-warehouse/data-images/csmc/csmcwq/mafrl_WSSB_Salinity_Surface_DATA.png
/CSIEM_DATA/csiem-data/data-warehouse/data-images/csmc/csmcwq/mafrl_WSSB_Secchi_Depth_Int_DATA.png
/CSIEM_DATA/csiem-data/data-warehouse/data-images/csmc/csmcwq/mafrl_WSSB_Specific_Conductivity_Bottom_DATA.png
/CSIEM_DATA/csiem-data/data-warehouse/data-images/csmc/csmcwq/mafrl_WSSB_Specific_Conductivity_Surface_DATA.png
/CSIEM_DATA/csiem-data/data-warehouse/data-images/csmc/csmcwq/mafrl_WSSB_Temperature_Bottom_DATA.png
/CSIEM_DATA/csiem-data/data-warehouse/data-images/csmc/csmcwq/mafrl_WSSB_Temperature_Surface_DATA.png
/CSIEM_DATA/csiem-data/data-warehouse/data-images/csmc/csmcwq/mafrl_WSSB_Total_Nitrogen_Int_DATA.png
/CSIEM_DATA/csiem-data/data-warehouse/data-images/csmc/csmcwq/mafrl_WSSB_Total_Phosphorus_Int_DATA.png
/CSIEM_DATA/csiem-data/data-warehouse/data-images/csmc/csmcwq/mafrl_WSSB_Total_Suspended_Solids_Int_DATA.png
/CSIEM_DATA/csiem-data/data-warehouse/data-images/csmc/csmcwq/mafrl_WSSB_Turbidity_Bottom_DATA.png
/CSIEM_DATA/csiem-data/data-warehouse/data-images/csmc/csmcwq/mafrl_WSSB_Turbidity_Surface_DATA.png
/CSIEM_DATA/csiem-data/data-warehouse/data-images/csmc/csmcwq/mafrl_WSSB_pH_Bottom_DATA.png
/CSIEM_DATA/csiem-data/data-warehouse/data-images/csmc/csmcwq/mafrl_WSSB_pH_Surface_DATA.png
